2025-03-10 15:45:14,614 - log - WARNING - 未获取到项目信息，正在获取项目
2025-03-10 15:45:14,614 - log - INFO - http://10.1.8.17:30104/dehoop-admin/pro/tabProjects?timestamp=1741592714
2025-03-10 15:45:14,614 - log - INFO - -------------------------查询项目接口-------------------------
2025-03-10 15:45:14,614 - log - INFO - 请求发送中...
2025-03-10 15:45:14,686 - log - INFO - 返回状态码:  417
2025-03-10 15:45:14,686 - log - ERROR - 请求失败,错误信息:Expecting value: line 1 column 1 (char 0)
2025-03-10 15:47:20,333 - log - WARNING - 未获取到项目信息，正在获取项目
2025-03-10 15:47:20,333 - log - INFO - http://10.1.8.17:30104/dehoop-admin/pro/tabProjects?timestamp=1741592840
2025-03-10 15:47:20,333 - log - INFO - -------------------------查询项目接口-------------------------
2025-03-10 15:47:20,333 - log - INFO - 请求发送中...
2025-03-10 15:47:20,333 - log - DEBUG - 头请求内容：
 {'dehooptoken': 'eyJ0eXAiOiJKV1QiLCJhbGciOiJIUzUxMiJ9.eyJkZWhvb3B1c2VyaWQiOiI2NTcyNTM5NTk3NjQ4MDM1ODQiLCJ0ZW5hbnRpZCI6IjY1NjYwOTExODM5OTc1ODMzNiIsImV4cCI6MTc0MTg1MTk2MCwiaWF0IjoxNzQxNTkyNzYwfQ.DjxwylmGbPrXpoXNkKfo3aXT09nSVK1KBRFCzS0Q6po346roNlPWxvwqyvDSbcijobXEeb0wjc1D0kxh_6Vt-g', 'tenantid': '656609118399758336', 'projectid': '', 'connection': 'keep-alive', 'content-type': 'application/json'}
2025-03-10 15:47:20,333 - log - DEBUG - 请求体内容：
 {'searchWord': '', 'page': '1', 'pageSize': 2147483646}
2025-03-10 15:47:20,335 - urllib3.connectionpool - DEBUG - Starting new HTTP connection (1): 10.1.8.17:30104
2025-03-10 15:47:20,476 - urllib3.connectionpool - DEBUG - http://10.1.8.17:30104 "POST /dehoop-admin/pro/tabProjects?timestamp=1741592840 HTTP/1.1" 200 None
2025-03-10 15:47:20,488 - log - INFO - 返回状态码:  200
2025-03-10 15:47:20,488 - log - DEBUG - 返回结果: 
 {"bizCode":null,"code":"ok","message":"查询成功","total":23,"table":[{"projectName":"农险统计分析项目","projectId":"659865788999532544","envId":"660123898615955456","envName":"开发","role":"ADMIN","type":"DEV","cycleScheduling":"DISABLE","submitCheck":"ENABLE","downloadQuery":"ENABLE","editJob":"ENABLE","runJob":"ENABLE","submitJob":"ENABLE","businessUintId":"656617603493527552","businessUintName":"测试开发存储空间","dataFieldId":"656609118638833701","dataFieldName":"默认","clusterType":"CDH"},{"projectName":"保单域模型开发","projectId":"660489178949091328","envId":"660489357961986048","envName":"保单域开发","role":"ADMIN","type":"DEV","cycleScheduling":"DISABLE","submitCheck":"DISABLE","downloadQuery":"ENABLE","editJob":"ENABLE","runJob":"ENABLE","submitJob":"ENABLE","businessUintId":"657543443194576896","businessUintName":"核心开发存储空间","dataFieldId":"657541517455392768","dataFieldName":"保单域","clusterType":"CDH"},{"projectName":"理赔域模型开发","projectId":"664105169524359168","envId":"664110609901551616","envName":"理赔域开发环境","role":"ADMIN","type":"DEV","cycleScheduling":"DISABLE","submitCheck":"DISABLE","downloadQuery":"ENABLE","editJob":"ENABLE","runJob":"ENABLE","submitJob":"ENABLE","businessUintId":"657543443194576896","businessUintName":"核心开发存储空间","dataFieldId":"659437558383509504","dataFieldName":"理赔域","clusterType":"CDH"},{"projectName":"收付域模型开发","projectId":"665558091214880768","envId":"665558589229760512","envName":"收付域开发环境","role":"ADMIN","type":"DEV","cycleScheduling":"DISABLE","submitCheck":"DISABLE","downloadQuery":"ENABLE","editJob":"ENABLE","runJob":"ENABLE","submitJob":"ENABLE","businessUintId":"657543443194576896","businessUintName":"核心开发存储空间","dataFieldId":"659438427460075520","dataFieldName":"收付域","clusterType":"CDH"},{"projectName":"产品域模型开发","projectId":"667309876069793792","envId":"667310114419507200","envName":"产品域开发环境","role":"ADMIN","type":"DEV","cycleScheduling":"DISABLE","submitCheck":"DISABLE","downloadQuery":"ENABLE","editJob":"ENABLE","runJob":"ENABLE","submitJob":"ENABLE","businessUintId":"657543443194576896","businessUintName":"核心开发存储空间","dataFieldId":"667308476858368000","dataFieldName":"产品域","clusterType":"CDH"},{"projectName":"公共域模型开发","projectId":"667309925382225920","envId":"667310350181335040","envName":"公共域开发环境","role":"ADMIN","type":"DEV","cycleScheduling":"DISABLE","submitCheck":"DISABLE","downloadQuery":"ENABLE","editJob":"ENABLE","runJob":"ENABLE","submitJob":"ENABLE","businessUintId":"657543443194576896","businessUintName":"核心开发存储空间","dataFieldId":"667308709679988736","dataFieldName":"公共域","clusterType":"CDH"},{"projectName":"销管域模型开发","projectId":"669492845551288320","envId":"669492992658112512","envName":"销管域开发环境","role":"ADMIN","type":"DEV","cycleScheduling":"DISABLE","submitCheck":"DISABLE","downloadQuery":"ENABLE","editJob":"ENABLE","runJob":"ENABLE","submitJob":"ENABLE","businessUintId":"657543443194576896","businessUintName":"核心开发存储空间","dataFieldId":"669471763612041216","dataFieldName":"销管域","clusterType":"CDH"},{"projectName":"机构域模型开发","projectId":"669499243865571328","envId":"669499579246313472","envName":"机构域开发环境","role":"ADMIN","type":"DEV","cycleScheduling":"DISABLE","submitCheck":"DISABLE","downloadQuery":"ENABLE","editJob":"ENABLE","runJob":"ENABLE","submitJob":"ENABLE","businessUintId":"657543443194576896","businessUintName":"核心开发存储空间","dataFieldId":"669498611381305344","dataFieldName":"机构域","clusterType":"CDH"},{"projectName":"财务域模型开发","projectId":"669499189998125056","envId":"669500013042204672","envName":"财务域开发环境","role":"ADMIN","type":"DEV","cycleScheduling":"DISABLE","submitCheck":"DISABLE","downloadQuery":"ENABLE","editJob":"ENABLE","runJob":"ENABLE","submitJob":"ENABLE","businessUintId":"657543443194576896","businessUintName":"核心开发存储空间","dataFieldId":"669488262200426496","dataFieldName":"财务域","clusterType":"CDH"},{"projectName":"再保域模型开发","projectId":"669540045408960512","envId":"669540279086219264","envName":"再保域开发环境","role":"ADMIN","type":"DEV","cycleScheduling":"DISABLE","submitCheck":"ENABLE","downloadQuery":"ENABLE","editJob":"ENABLE","runJob":"ENABLE","submitJob":"ENABLE","businessUintId":"657543443194576896","businessUintName":"核心开发存储空间","dataFieldId":"660121401843253248","dataFieldName":"再保域","clusterType":"CDH"},{"projectName":"客户域模型开发","projectId":"669544231576010752","envId":"669544379244871680","envName":"客户域开发环境","role":"ADMIN","type":"DEV","cycleScheduling":"DISABLE","submitCheck":"DISABLE","downloadQuery":"ENABLE","editJob":"ENABLE","runJob":"ENABLE","submitJob":"ENABLE","businessUintId":"657543443194576896","businessUintName":"核心开发存储空间","dataFieldId":"669543563356274688","dataFieldName":"客户域","clusterType":"CDH"},{"projectName":"系统配置域模型开发","projectId":"669567632545939456","envId":"669567973840650240","envName":"系统配置域开发环境","role":"ADMIN","type":"DEV","cycleScheduling":"DISABLE","submitCheck":"DISABLE","downloadQuery":"ENABLE","editJob":"ENABLE","runJob":"ENABLE","submitJob":"ENABLE","businessUintId":"657543443194576896","businessUintName":"核心开发存储空间","dataFieldId":"669567435174576128","dataFieldName":"系统配置域","clusterType":"CDH"},{"projectName":"监管报送","projectId":"680416668777709568","envId":"680417741324156928","envName":"监管报送开发环境","role":"ADMIN","type":"DEV","cycleScheduling":"DISABLE","submitCheck":"ENABLE","downloadQuery":"ENABLE","editJob":"ENABLE","runJob":"ENABLE","submitJob":"ENABLE","businessUintId":"657543443194576896","businessUintName":"核心开发存储空间","dataFieldId":"680415995805827072","dataFieldName":"监管保送数据域","clusterType":"CDH"},{"projectName":"新农险域模型开发","projectId":"680809261319585792","envId":"680809423555264512","envName":"新农险开发环境","role":"ADMIN","type":"DEV","cycleScheduling":"DISABLE","submitCheck":"DISABLE","downloadQuery":"ENABLE","editJob":"ENABLE","runJob":"ENABLE","submitJob":"ENABLE","businessUintId":"657543443194576896","businessUintName":"核心开发存储空间","dataFieldId":"680809170361909248","dataFieldName":"新农险","clusterType":"CDH"},{"projectName":"业务流程域模型开发","projectId":"681802495118278656","envId":"681802711519199232","envName":"业务流程开发环境","role":"ADMIN","type":"DEV","cycleScheduling":"DISABLE","submitCheck":"DISABLE","downloadQuery":"ENABLE","editJob":"ENABLE","runJob":"ENABLE","submitJob":"ENABLE","businessUintId":"657543443194576896","businessUintName":"核心开发存储空间","dataFieldId":"681802215240761344","dataFieldName":"业务流程域","clusterType":"CDH"},{"projectName":"中台-用户角色其他域模型开发","projectId":"682895993879920640","envId":"682896235052400640","envName":"中台-用户角色其他域开发环境","role":"ADMIN","type":"DEV","cycleScheduling":"DISABLE","submitCheck":"DISABLE","downloadQuery":"ENABLE","editJob":"ENABLE","runJob":"ENABLE","submitJob":"ENABLE","businessUintId":"657543443194576896","businessUintName":"核心开发存储空间","dataFieldId":"682887528574877696","dataFieldName":"中台-用户角色其他","clusterType":"CDH"},{"projectName":"中台-后台管理其他域模型开发","projectId":"682898213014863872","envId":"682898478518501376","envName":"中台-后台管理其他域开发环境","role":"ADMIN","type":"DEV","cycleScheduling":"DISABLE","submitCheck":"ENABLE","downloadQuery":"ENABLE","editJob":"ENABLE","runJob":"ENABLE","submitJob":"ENABLE","businessUintId":"657543443194576896","businessUintName":"核心开发存储空间","dataFieldId":"682887705197019136","dataFieldName":"中台-后台管理其他","clusterType":"CDH"},{"projectName":"中台-出单管理域模型开发","projectId":"682900068184883200","envId":"682901913062080512","envName":"中台-出单管理域开发环境","role":"ADMIN","type":"DEV","cycleScheduling":"DISABLE","submitCheck":"ENABLE","downloadQuery":"ENABLE","editJob":"ENABLE","runJob":"ENABLE","submitJob":"ENABLE","businessUintId":"657543443194576896","businessUintName":"核心开发存储空间","dataFieldId":"682887793805885440","dataFieldName":"中台-出单管理","clusterType":"CDH"},{"projectName":"中台-产品其他域模型开发","projectId":"682902636659212288","envId":"682902781631135744","envName":"中台-产品其他域开发环境","role":"ADMIN","type":"DEV","cycleScheduling":"DISABLE","submitCheck":"ENABLE","downloadQuery":"ENABLE","editJob":"ENABLE","runJob":"ENABLE","submitJob":"ENABLE","businessUintId":"657543443194576896","businessUintName":"核心开发存储空间","dataFieldId":"682887871262097408","dataFieldName":"中台-产品其他","clusterType":"CDH"},{"projectName":"中台-客户信息其他域模型开发","projectId":"682903242018914304","envId":"682903519925108736","envName":"中台-客户信息其他域开发环境","role":"ADMIN","type":"DEV","cycleScheduling":"DISABLE","submitCheck":"ENABLE","downloadQuery":"ENABLE","editJob":"ENABLE","runJob":"ENABLE","submitJob":"ENABLE","businessUintId":"657543443194576896","businessUintName":"核心开发存储空间","dataFieldId":"682888049150918656","dataFieldName":"中台-客户信息其他","clusterType":"CDH"},{"projectName":"中台-接口平台其他域模型开发","projectId":"682903972750557184","envId":"682904146646401024","envName":"中台-接口平台其他域开发环境","role":"ADMIN","type":"DEV","cycleScheduling":"DISABLE","submitCheck":"DISABLE","downloadQuery":"ENABLE","editJob":"ENABLE","runJob":"ENABLE","submitJob":"ENABLE","businessUintId":"657543443194576896","businessUintName":"核心开发存储空间","dataFieldId":"682888121045483520","dataFieldName":"中台-接口平台其他","clusterType":"CDH"},{"projectName":"中台-客户管理其他域模型开发","projectId":"682904898685108224","envId":"682905336268455936","envName":"中台-客户管理其他域开发环境","role":"ADMIN","type":"DEV","cycleScheduling":"DISABLE","submitCheck":"DISABLE","downloadQuery":"ENABLE","editJob":"ENABLE","runJob":"ENABLE","submitJob":"ENABLE","businessUintId":"657543443194576896","businessUintName":"核心开发存储空间","dataFieldId":"682888198963068928","dataFieldName":"中台-客户管理其他","clusterType":"CDH"},{"projectName":"中台-移动查勘其他域模型开发","projectId":"682906020632068096","envId":"682906292985004032","envName":"中台-移动查勘其他域开发环境","role":"ADMIN","type":"DEV","cycleScheduling":"DISABLE","submitCheck":"DISABLE","downloadQuery":"ENABLE","editJob":"ENABLE","runJob":"ENABLE","submitJob":"ENABLE","businessUintId":"657543443194576896","businessUintName":"核心开发存储空间","dataFieldId":"682888282777845760","dataFieldName":"中台-移动查勘其他","clusterType":"CDH"}]}
2025-03-10 15:47:20,488 - log - INFO - 项目名称:农险统计分析项目,项目ID:659865788999532544,环境ID:660123898615955456
2025-03-10 15:47:20,488 - log - INFO - 项目名称:保单域模型开发,项目ID:660489178949091328,环境ID:660489357961986048
2025-03-10 15:47:20,488 - log - INFO - 项目名称:理赔域模型开发,项目ID:664105169524359168,环境ID:664110609901551616
2025-03-10 15:47:20,488 - log - INFO - 项目名称:收付域模型开发,项目ID:665558091214880768,环境ID:665558589229760512
2025-03-10 15:47:20,488 - log - INFO - 项目名称:产品域模型开发,项目ID:667309876069793792,环境ID:667310114419507200
2025-03-10 15:47:20,488 - log - INFO - 项目名称:公共域模型开发,项目ID:667309925382225920,环境ID:667310350181335040
2025-03-10 15:47:20,488 - log - INFO - 项目名称:销管域模型开发,项目ID:669492845551288320,环境ID:669492992658112512
2025-03-10 15:47:20,489 - log - INFO - 项目名称:机构域模型开发,项目ID:669499243865571328,环境ID:669499579246313472
2025-03-10 15:47:20,489 - log - INFO - 项目名称:财务域模型开发,项目ID:669499189998125056,环境ID:669500013042204672
2025-03-10 15:47:20,489 - log - INFO - 项目名称:再保域模型开发,项目ID:669540045408960512,环境ID:669540279086219264
2025-03-10 15:47:20,489 - log - INFO - 项目名称:客户域模型开发,项目ID:669544231576010752,环境ID:669544379244871680
2025-03-10 15:47:20,489 - log - INFO - 项目名称:系统配置域模型开发,项目ID:669567632545939456,环境ID:669567973840650240
2025-03-10 15:47:20,489 - log - INFO - 项目名称:监管报送,项目ID:680416668777709568,环境ID:680417741324156928
2025-03-10 15:47:20,489 - log - INFO - 项目名称:新农险域模型开发,项目ID:680809261319585792,环境ID:680809423555264512
2025-03-10 15:47:20,489 - log - INFO - 项目名称:业务流程域模型开发,项目ID:681802495118278656,环境ID:681802711519199232
2025-03-10 15:47:20,489 - log - INFO - 项目名称:中台-用户角色其他域模型开发,项目ID:682895993879920640,环境ID:682896235052400640
2025-03-10 15:47:20,489 - log - INFO - 项目名称:中台-后台管理其他域模型开发,项目ID:682898213014863872,环境ID:682898478518501376
2025-03-10 15:47:20,489 - log - INFO - 项目名称:中台-出单管理域模型开发,项目ID:682900068184883200,环境ID:682901913062080512
2025-03-10 15:47:20,489 - log - INFO - 项目名称:中台-产品其他域模型开发,项目ID:682902636659212288,环境ID:682902781631135744
2025-03-10 15:47:20,489 - log - INFO - 项目名称:中台-客户信息其他域模型开发,项目ID:682903242018914304,环境ID:682903519925108736
2025-03-10 15:47:20,489 - log - INFO - 项目名称:中台-接口平台其他域模型开发,项目ID:682903972750557184,环境ID:682904146646401024
2025-03-10 15:47:20,489 - log - INFO - 项目名称:中台-客户管理其他域模型开发,项目ID:682904898685108224,环境ID:682905336268455936
2025-03-10 15:47:20,489 - log - INFO - 项目名称:中台-移动查勘其他域模型开发,项目ID:682906020632068096,环境ID:682906292985004032
2025-03-10 15:47:20,489 - log - INFO - 查询项目成功
2025-03-10 15:47:20,489 - log - INFO - http://10.1.8.17:30104/dehoop-admin/job/outlinework/query?timestamp=1741592840
2025-03-10 15:47:20,489 - log - INFO - -------------------------查询离线作业-------------------------
2025-03-10 15:47:20,489 - log - INFO - 请求发送中...
2025-03-10 15:47:20,489 - log - DEBUG - 头请求内容：
 {'dehooptoken': 'eyJ0eXAiOiJKV1QiLCJhbGciOiJIUzUxMiJ9.eyJkZWhvb3B1c2VyaWQiOiI2NTcyNTM5NTk3NjQ4MDM1ODQiLCJ0ZW5hbnRpZCI6IjY1NjYwOTExODM5OTc1ODMzNiIsImV4cCI6MTc0MTg1MTk2MCwiaWF0IjoxNzQxNTkyNzYwfQ.DjxwylmGbPrXpoXNkKfo3aXT09nSVK1KBRFCzS0Q6po346roNlPWxvwqyvDSbcijobXEeb0wjc1D0kxh_6Vt-g', 'tenantid': '682904898685108224', 'projectid': '656609118399758336', 'connection': 'keep-alive', 'content-type': 'application/json'}
2025-03-10 15:47:20,490 - log - DEBUG - 请求体内容：
 {'projectId': '682904898685108224', 'envId': '682905336268455936'}
2025-03-10 15:47:20,490 - urllib3.connectionpool - DEBUG - Starting new HTTP connection (1): 10.1.8.17:30104
2025-03-10 15:47:20,576 - urllib3.connectionpool - DEBUG - http://10.1.8.17:30104 "GET /dehoop-admin/job/outlinework/query?timestamp=1741592840&projectId=682904898685108224&envId=682905336268455936 HTTP/1.1" 417 0
2025-03-10 15:47:20,577 - log - INFO - 返回状态码:  417
2025-03-10 15:47:20,577 - log - DEBUG - 返回结果: 
 
2025-03-10 15:47:20,577 - log - ERROR - 请求失败,错误信息:Expecting value: line 1 column 1 (char 0)
2025-03-10 16:03:31,506 - log - WARNING - 未获取到项目信息，正在获取项目
2025-03-10 16:03:31,506 - log - INFO - http://10.1.8.17:30104/dehoop-admin/pro/tabProjects?timestamp=1741593811
2025-03-10 16:03:31,506 - log - INFO - -------------------------查询项目接口-------------------------
2025-03-10 16:03:31,506 - log - INFO - 请求发送中...
2025-03-10 16:03:31,507 - log - DEBUG - 头请求内容：
 {'dehooptoken': 'eyJ0eXAiOiJKV1QiLCJhbGciOiJIUzUxMiJ9.eyJkZWhvb3B1c2VyaWQiOiI2NTcyNTM5NTk3NjQ4MDM1ODQiLCJ0ZW5hbnRpZCI6IjY1NjYwOTExODM5OTc1ODMzNiIsImV4cCI6MTc0MTg1MTk2MCwiaWF0IjoxNzQxNTkyNzYwfQ.DjxwylmGbPrXpoXNkKfo3aXT09nSVK1KBRFCzS0Q6po346roNlPWxvwqyvDSbcijobXEeb0wjc1D0kxh_6Vt-g', 'tenantid': '656609118399758336', 'projectid': '', 'connection': 'keep-alive', 'content-type': 'application/json'}
2025-03-10 16:03:31,507 - log - DEBUG - 请求体内容：
 {'searchWord': '', 'page': '1', 'pageSize': 2147483646}
2025-03-10 16:03:31,508 - urllib3.connectionpool - DEBUG - Starting new HTTP connection (1): 10.1.8.17:30104
2025-03-10 16:03:31,583 - urllib3.connectionpool - DEBUG - http://10.1.8.17:30104 "POST /dehoop-admin/pro/tabProjects?timestamp=1741593811 HTTP/1.1" 401 None
2025-03-10 16:03:31,584 - log - INFO - 返回状态码:  401
2025-03-10 16:03:31,584 - log - DEBUG - 返回结果: 
 {"code":"error","bizCode":null,"message":"token异常","interval":null,"data":null}
2025-03-10 16:03:31,584 - log - ERROR - 请求失败,错误信息:'table'
2025-03-10 16:03:48,824 - log - WARNING - 未获取到项目信息，正在获取项目
2025-03-10 16:03:48,824 - log - INFO - http://10.1.8.17:30104/dehoop-admin/pro/tabProjects?timestamp=1741593828
2025-03-10 16:03:48,824 - log - INFO - -------------------------查询项目接口-------------------------
2025-03-10 16:03:48,824 - log - INFO - 请求发送中...
2025-03-10 16:03:48,824 - log - DEBUG - 头请求内容：
 {'dehooptoken': 'eyJ0eXAiOiJKV1QiLCJhbGciOiJIUzUxMiJ9.eyJkZWhvb3B1c2VyaWQiOiI2NTcyNTM5NTk3NjQ4MDM1ODQiLCJ0ZW5hbnRpZCI6IjY1NjYwOTExODM5OTc1ODMzNiIsImV4cCI6MTc0MTg1MjE3OSwiaWF0IjoxNzQxNTkyOTc5fQ.z3aDH61THEovWgB5PAjWMk7iKvf1ivI_UjZIe1WggEkHe8K74eaTd6QSv7UA9-B7JIlEW2HM2cG7I3oSJ-NQ8Q', 'tenantid': '656609118399758336', 'projectid': '', 'connection': 'keep-alive', 'content-type': 'application/json'}
2025-03-10 16:03:48,824 - log - DEBUG - 请求体内容：
 {'searchWord': '', 'page': '1', 'pageSize': 2147483646}
2025-03-10 16:03:48,826 - urllib3.connectionpool - DEBUG - Starting new HTTP connection (1): 10.1.8.17:30104
2025-03-10 16:03:48,975 - urllib3.connectionpool - DEBUG - http://10.1.8.17:30104 "POST /dehoop-admin/pro/tabProjects?timestamp=1741593828 HTTP/1.1" 200 None
2025-03-10 16:03:48,987 - log - INFO - 返回状态码:  200
2025-03-10 16:03:48,987 - log - DEBUG - 返回结果: 
 {"bizCode":null,"code":"ok","message":"查询成功","total":23,"table":[{"projectName":"农险统计分析项目","projectId":"659865788999532544","envId":"660123898615955456","envName":"开发","role":"ADMIN","type":"DEV","cycleScheduling":"DISABLE","submitCheck":"ENABLE","downloadQuery":"ENABLE","editJob":"ENABLE","runJob":"ENABLE","submitJob":"ENABLE","businessUintId":"656617603493527552","businessUintName":"测试开发存储空间","dataFieldId":"656609118638833701","dataFieldName":"默认","clusterType":"CDH"},{"projectName":"保单域模型开发","projectId":"660489178949091328","envId":"660489357961986048","envName":"保单域开发","role":"ADMIN","type":"DEV","cycleScheduling":"DISABLE","submitCheck":"DISABLE","downloadQuery":"ENABLE","editJob":"ENABLE","runJob":"ENABLE","submitJob":"ENABLE","businessUintId":"657543443194576896","businessUintName":"核心开发存储空间","dataFieldId":"657541517455392768","dataFieldName":"保单域","clusterType":"CDH"},{"projectName":"理赔域模型开发","projectId":"664105169524359168","envId":"664110609901551616","envName":"理赔域开发环境","role":"ADMIN","type":"DEV","cycleScheduling":"DISABLE","submitCheck":"DISABLE","downloadQuery":"ENABLE","editJob":"ENABLE","runJob":"ENABLE","submitJob":"ENABLE","businessUintId":"657543443194576896","businessUintName":"核心开发存储空间","dataFieldId":"659437558383509504","dataFieldName":"理赔域","clusterType":"CDH"},{"projectName":"收付域模型开发","projectId":"665558091214880768","envId":"665558589229760512","envName":"收付域开发环境","role":"ADMIN","type":"DEV","cycleScheduling":"DISABLE","submitCheck":"DISABLE","downloadQuery":"ENABLE","editJob":"ENABLE","runJob":"ENABLE","submitJob":"ENABLE","businessUintId":"657543443194576896","businessUintName":"核心开发存储空间","dataFieldId":"659438427460075520","dataFieldName":"收付域","clusterType":"CDH"},{"projectName":"产品域模型开发","projectId":"667309876069793792","envId":"667310114419507200","envName":"产品域开发环境","role":"ADMIN","type":"DEV","cycleScheduling":"DISABLE","submitCheck":"DISABLE","downloadQuery":"ENABLE","editJob":"ENABLE","runJob":"ENABLE","submitJob":"ENABLE","businessUintId":"657543443194576896","businessUintName":"核心开发存储空间","dataFieldId":"667308476858368000","dataFieldName":"产品域","clusterType":"CDH"},{"projectName":"公共域模型开发","projectId":"667309925382225920","envId":"667310350181335040","envName":"公共域开发环境","role":"ADMIN","type":"DEV","cycleScheduling":"DISABLE","submitCheck":"DISABLE","downloadQuery":"ENABLE","editJob":"ENABLE","runJob":"ENABLE","submitJob":"ENABLE","businessUintId":"657543443194576896","businessUintName":"核心开发存储空间","dataFieldId":"667308709679988736","dataFieldName":"公共域","clusterType":"CDH"},{"projectName":"销管域模型开发","projectId":"669492845551288320","envId":"669492992658112512","envName":"销管域开发环境","role":"ADMIN","type":"DEV","cycleScheduling":"DISABLE","submitCheck":"DISABLE","downloadQuery":"ENABLE","editJob":"ENABLE","runJob":"ENABLE","submitJob":"ENABLE","businessUintId":"657543443194576896","businessUintName":"核心开发存储空间","dataFieldId":"669471763612041216","dataFieldName":"销管域","clusterType":"CDH"},{"projectName":"机构域模型开发","projectId":"669499243865571328","envId":"669499579246313472","envName":"机构域开发环境","role":"ADMIN","type":"DEV","cycleScheduling":"DISABLE","submitCheck":"DISABLE","downloadQuery":"ENABLE","editJob":"ENABLE","runJob":"ENABLE","submitJob":"ENABLE","businessUintId":"657543443194576896","businessUintName":"核心开发存储空间","dataFieldId":"669498611381305344","dataFieldName":"机构域","clusterType":"CDH"},{"projectName":"财务域模型开发","projectId":"669499189998125056","envId":"669500013042204672","envName":"财务域开发环境","role":"ADMIN","type":"DEV","cycleScheduling":"DISABLE","submitCheck":"DISABLE","downloadQuery":"ENABLE","editJob":"ENABLE","runJob":"ENABLE","submitJob":"ENABLE","businessUintId":"657543443194576896","businessUintName":"核心开发存储空间","dataFieldId":"669488262200426496","dataFieldName":"财务域","clusterType":"CDH"},{"projectName":"再保域模型开发","projectId":"669540045408960512","envId":"669540279086219264","envName":"再保域开发环境","role":"ADMIN","type":"DEV","cycleScheduling":"DISABLE","submitCheck":"ENABLE","downloadQuery":"ENABLE","editJob":"ENABLE","runJob":"ENABLE","submitJob":"ENABLE","businessUintId":"657543443194576896","businessUintName":"核心开发存储空间","dataFieldId":"660121401843253248","dataFieldName":"再保域","clusterType":"CDH"},{"projectName":"客户域模型开发","projectId":"669544231576010752","envId":"669544379244871680","envName":"客户域开发环境","role":"ADMIN","type":"DEV","cycleScheduling":"DISABLE","submitCheck":"DISABLE","downloadQuery":"ENABLE","editJob":"ENABLE","runJob":"ENABLE","submitJob":"ENABLE","businessUintId":"657543443194576896","businessUintName":"核心开发存储空间","dataFieldId":"669543563356274688","dataFieldName":"客户域","clusterType":"CDH"},{"projectName":"系统配置域模型开发","projectId":"669567632545939456","envId":"669567973840650240","envName":"系统配置域开发环境","role":"ADMIN","type":"DEV","cycleScheduling":"DISABLE","submitCheck":"DISABLE","downloadQuery":"ENABLE","editJob":"ENABLE","runJob":"ENABLE","submitJob":"ENABLE","businessUintId":"657543443194576896","businessUintName":"核心开发存储空间","dataFieldId":"669567435174576128","dataFieldName":"系统配置域","clusterType":"CDH"},{"projectName":"监管报送","projectId":"680416668777709568","envId":"680417741324156928","envName":"监管报送开发环境","role":"ADMIN","type":"DEV","cycleScheduling":"DISABLE","submitCheck":"ENABLE","downloadQuery":"ENABLE","editJob":"ENABLE","runJob":"ENABLE","submitJob":"ENABLE","businessUintId":"657543443194576896","businessUintName":"核心开发存储空间","dataFieldId":"680415995805827072","dataFieldName":"监管保送数据域","clusterType":"CDH"},{"projectName":"新农险域模型开发","projectId":"680809261319585792","envId":"680809423555264512","envName":"新农险开发环境","role":"ADMIN","type":"DEV","cycleScheduling":"DISABLE","submitCheck":"DISABLE","downloadQuery":"ENABLE","editJob":"ENABLE","runJob":"ENABLE","submitJob":"ENABLE","businessUintId":"657543443194576896","businessUintName":"核心开发存储空间","dataFieldId":"680809170361909248","dataFieldName":"新农险","clusterType":"CDH"},{"projectName":"业务流程域模型开发","projectId":"681802495118278656","envId":"681802711519199232","envName":"业务流程开发环境","role":"ADMIN","type":"DEV","cycleScheduling":"DISABLE","submitCheck":"DISABLE","downloadQuery":"ENABLE","editJob":"ENABLE","runJob":"ENABLE","submitJob":"ENABLE","businessUintId":"657543443194576896","businessUintName":"核心开发存储空间","dataFieldId":"681802215240761344","dataFieldName":"业务流程域","clusterType":"CDH"},{"projectName":"中台-用户角色其他域模型开发","projectId":"682895993879920640","envId":"682896235052400640","envName":"中台-用户角色其他域开发环境","role":"ADMIN","type":"DEV","cycleScheduling":"DISABLE","submitCheck":"DISABLE","downloadQuery":"ENABLE","editJob":"ENABLE","runJob":"ENABLE","submitJob":"ENABLE","businessUintId":"657543443194576896","businessUintName":"核心开发存储空间","dataFieldId":"682887528574877696","dataFieldName":"中台-用户角色其他","clusterType":"CDH"},{"projectName":"中台-后台管理其他域模型开发","projectId":"682898213014863872","envId":"682898478518501376","envName":"中台-后台管理其他域开发环境","role":"ADMIN","type":"DEV","cycleScheduling":"DISABLE","submitCheck":"ENABLE","downloadQuery":"ENABLE","editJob":"ENABLE","runJob":"ENABLE","submitJob":"ENABLE","businessUintId":"657543443194576896","businessUintName":"核心开发存储空间","dataFieldId":"682887705197019136","dataFieldName":"中台-后台管理其他","clusterType":"CDH"},{"projectName":"中台-出单管理域模型开发","projectId":"682900068184883200","envId":"682901913062080512","envName":"中台-出单管理域开发环境","role":"ADMIN","type":"DEV","cycleScheduling":"DISABLE","submitCheck":"ENABLE","downloadQuery":"ENABLE","editJob":"ENABLE","runJob":"ENABLE","submitJob":"ENABLE","businessUintId":"657543443194576896","businessUintName":"核心开发存储空间","dataFieldId":"682887793805885440","dataFieldName":"中台-出单管理","clusterType":"CDH"},{"projectName":"中台-产品其他域模型开发","projectId":"682902636659212288","envId":"682902781631135744","envName":"中台-产品其他域开发环境","role":"ADMIN","type":"DEV","cycleScheduling":"DISABLE","submitCheck":"ENABLE","downloadQuery":"ENABLE","editJob":"ENABLE","runJob":"ENABLE","submitJob":"ENABLE","businessUintId":"657543443194576896","businessUintName":"核心开发存储空间","dataFieldId":"682887871262097408","dataFieldName":"中台-产品其他","clusterType":"CDH"},{"projectName":"中台-客户信息其他域模型开发","projectId":"682903242018914304","envId":"682903519925108736","envName":"中台-客户信息其他域开发环境","role":"ADMIN","type":"DEV","cycleScheduling":"DISABLE","submitCheck":"ENABLE","downloadQuery":"ENABLE","editJob":"ENABLE","runJob":"ENABLE","submitJob":"ENABLE","businessUintId":"657543443194576896","businessUintName":"核心开发存储空间","dataFieldId":"682888049150918656","dataFieldName":"中台-客户信息其他","clusterType":"CDH"},{"projectName":"中台-接口平台其他域模型开发","projectId":"682903972750557184","envId":"682904146646401024","envName":"中台-接口平台其他域开发环境","role":"ADMIN","type":"DEV","cycleScheduling":"DISABLE","submitCheck":"DISABLE","downloadQuery":"ENABLE","editJob":"ENABLE","runJob":"ENABLE","submitJob":"ENABLE","businessUintId":"657543443194576896","businessUintName":"核心开发存储空间","dataFieldId":"682888121045483520","dataFieldName":"中台-接口平台其他","clusterType":"CDH"},{"projectName":"中台-客户管理其他域模型开发","projectId":"682904898685108224","envId":"682905336268455936","envName":"中台-客户管理其他域开发环境","role":"ADMIN","type":"DEV","cycleScheduling":"DISABLE","submitCheck":"DISABLE","downloadQuery":"ENABLE","editJob":"ENABLE","runJob":"ENABLE","submitJob":"ENABLE","businessUintId":"657543443194576896","businessUintName":"核心开发存储空间","dataFieldId":"682888198963068928","dataFieldName":"中台-客户管理其他","clusterType":"CDH"},{"projectName":"中台-移动查勘其他域模型开发","projectId":"682906020632068096","envId":"682906292985004032","envName":"中台-移动查勘其他域开发环境","role":"ADMIN","type":"DEV","cycleScheduling":"DISABLE","submitCheck":"DISABLE","downloadQuery":"ENABLE","editJob":"ENABLE","runJob":"ENABLE","submitJob":"ENABLE","businessUintId":"657543443194576896","businessUintName":"核心开发存储空间","dataFieldId":"682888282777845760","dataFieldName":"中台-移动查勘其他","clusterType":"CDH"}]}
2025-03-10 16:03:48,987 - log - INFO - 项目名称:农险统计分析项目,项目ID:659865788999532544,环境ID:660123898615955456
2025-03-10 16:03:48,987 - log - INFO - 项目名称:保单域模型开发,项目ID:660489178949091328,环境ID:660489357961986048
2025-03-10 16:03:48,987 - log - INFO - 项目名称:理赔域模型开发,项目ID:664105169524359168,环境ID:664110609901551616
2025-03-10 16:03:48,987 - log - INFO - 项目名称:收付域模型开发,项目ID:665558091214880768,环境ID:665558589229760512
2025-03-10 16:03:48,987 - log - INFO - 项目名称:产品域模型开发,项目ID:667309876069793792,环境ID:667310114419507200
2025-03-10 16:03:48,988 - log - INFO - 项目名称:公共域模型开发,项目ID:667309925382225920,环境ID:667310350181335040
2025-03-10 16:03:48,988 - log - INFO - 项目名称:销管域模型开发,项目ID:669492845551288320,环境ID:669492992658112512
2025-03-10 16:03:48,988 - log - INFO - 项目名称:机构域模型开发,项目ID:669499243865571328,环境ID:669499579246313472
2025-03-10 16:03:48,988 - log - INFO - 项目名称:财务域模型开发,项目ID:669499189998125056,环境ID:669500013042204672
2025-03-10 16:03:48,988 - log - INFO - 项目名称:再保域模型开发,项目ID:669540045408960512,环境ID:669540279086219264
2025-03-10 16:03:48,988 - log - INFO - 项目名称:客户域模型开发,项目ID:669544231576010752,环境ID:669544379244871680
2025-03-10 16:03:48,988 - log - INFO - 项目名称:系统配置域模型开发,项目ID:669567632545939456,环境ID:669567973840650240
2025-03-10 16:03:48,988 - log - INFO - 项目名称:监管报送,项目ID:680416668777709568,环境ID:680417741324156928
2025-03-10 16:03:48,988 - log - INFO - 项目名称:新农险域模型开发,项目ID:680809261319585792,环境ID:680809423555264512
2025-03-10 16:03:48,988 - log - INFO - 项目名称:业务流程域模型开发,项目ID:681802495118278656,环境ID:681802711519199232
2025-03-10 16:03:48,988 - log - INFO - 项目名称:中台-用户角色其他域模型开发,项目ID:682895993879920640,环境ID:682896235052400640
2025-03-10 16:03:48,988 - log - INFO - 项目名称:中台-后台管理其他域模型开发,项目ID:682898213014863872,环境ID:682898478518501376
2025-03-10 16:03:48,988 - log - INFO - 项目名称:中台-出单管理域模型开发,项目ID:682900068184883200,环境ID:682901913062080512
2025-03-10 16:03:48,988 - log - INFO - 项目名称:中台-产品其他域模型开发,项目ID:682902636659212288,环境ID:682902781631135744
2025-03-10 16:03:48,988 - log - INFO - 项目名称:中台-客户信息其他域模型开发,项目ID:682903242018914304,环境ID:682903519925108736
2025-03-10 16:03:48,988 - log - INFO - 项目名称:中台-接口平台其他域模型开发,项目ID:682903972750557184,环境ID:682904146646401024
2025-03-10 16:03:48,988 - log - INFO - 项目名称:中台-客户管理其他域模型开发,项目ID:682904898685108224,环境ID:682905336268455936
2025-03-10 16:03:48,988 - log - INFO - 项目名称:中台-移动查勘其他域模型开发,项目ID:682906020632068096,环境ID:682906292985004032
2025-03-10 16:03:48,988 - log - INFO - 查询项目成功
2025-03-10 16:03:48,988 - log - INFO - http://10.1.8.17:30104/dehoop-admin/job/outlinework/query?timestamp=1741593828
2025-03-10 16:03:48,988 - log - INFO - -------------------------查询离线作业-------------------------
2025-03-10 16:03:48,988 - log - INFO - 请求发送中...
2025-03-10 16:03:48,989 - log - DEBUG - 头请求内容：
 {'dehooptoken': 'eyJ0eXAiOiJKV1QiLCJhbGciOiJIUzUxMiJ9.eyJkZWhvb3B1c2VyaWQiOiI2NTcyNTM5NTk3NjQ4MDM1ODQiLCJ0ZW5hbnRpZCI6IjY1NjYwOTExODM5OTc1ODMzNiIsImV4cCI6MTc0MTg1MjE3OSwiaWF0IjoxNzQxNTkyOTc5fQ.z3aDH61THEovWgB5PAjWMk7iKvf1ivI_UjZIe1WggEkHe8K74eaTd6QSv7UA9-B7JIlEW2HM2cG7I3oSJ-NQ8Q', 'tenantid': '682904898685108224', 'projectid': '656609118399758336', 'connection': 'keep-alive', 'content-type': 'application/json'}
2025-03-10 16:03:48,989 - log - DEBUG - 请求体内容：
 {'projectId': '682904898685108224', 'envId': '682905336268455936'}
2025-03-10 16:03:48,990 - urllib3.connectionpool - DEBUG - Starting new HTTP connection (1): 10.1.8.17:30104
2025-03-10 16:03:49,072 - urllib3.connectionpool - DEBUG - http://10.1.8.17:30104 "GET /dehoop-admin/job/outlinework/query?timestamp=1741593828&projectId=682904898685108224&envId=682905336268455936 HTTP/1.1" 417 0
2025-03-10 16:03:49,072 - log - INFO - 返回状态码:  417
2025-03-10 16:03:49,072 - log - DEBUG - 返回结果: 
 
2025-03-10 16:03:49,072 - log - ERROR - 请求失败,错误信息:Expecting value: line 1 column 1 (char 0)
2025-03-10 16:11:29,606 - log - WARNING - 未获取到项目信息，正在获取项目
2025-03-10 16:11:29,606 - log - INFO - http://10.1.8.17:30104/dehoop-admin/pro/tabProjects?timestamp=1741594289
2025-03-10 16:11:29,606 - log - INFO - -------------------------查询项目接口-------------------------
2025-03-10 16:11:29,606 - log - INFO - 请求发送中...
2025-03-10 16:11:29,606 - log - DEBUG - 头请求内容：
 {'dehooptoken': 'eyJ0eXAiOiJKV1QiLCJhbGciOiJIUzUxMiJ9.eyJkZWhvb3B1c2VyaWQiOiI2NTcyNTM5NTk3NjQ4MDM1ODQiLCJ0ZW5hbnRpZCI6IjY1NjYwOTExODM5OTc1ODMzNiIsImV4cCI6MTc0MTg1MjE3OSwiaWF0IjoxNzQxNTkyOTc5fQ.z3aDH61THEovWgB5PAjWMk7iKvf1ivI_UjZIe1WggEkHe8K74eaTd6QSv7UA9-B7JIlEW2HM2cG7I3oSJ-NQ8Q', 'tenantid': '656609118399758336', 'projectid': '', 'connection': 'keep-alive', 'content-type': 'application/json'}
2025-03-10 16:11:29,606 - log - DEBUG - 请求体内容：
 {'searchWord': '', 'page': '1', 'pageSize': 2147483646}
2025-03-10 16:11:29,608 - urllib3.connectionpool - DEBUG - Starting new HTTP connection (1): 10.1.8.17:30104
2025-03-10 16:11:29,692 - urllib3.connectionpool - DEBUG - http://10.1.8.17:30104 "POST /dehoop-admin/pro/tabProjects?timestamp=1741594289 HTTP/1.1" 401 None
2025-03-10 16:11:29,693 - log - INFO - 返回状态码:  401
2025-03-10 16:11:29,693 - log - DEBUG - 返回结果: 
 {"code":"error","bizCode":null,"message":"token异常","interval":null,"data":null}
2025-03-10 16:11:29,693 - log - ERROR - 请求失败,错误信息:'table'
2025-03-10 16:11:53,588 - log - WARNING - 未获取到项目信息，正在获取项目
2025-03-10 16:11:53,589 - log - INFO - http://10.1.8.17:30104/dehoop-admin/pro/tabProjects?timestamp=1741594313
2025-03-10 16:11:53,589 - log - INFO - -------------------------查询项目接口-------------------------
2025-03-10 16:11:53,589 - log - INFO - 请求发送中...
2025-03-10 16:11:53,589 - log - DEBUG - 头请求内容：
 {'dehooptoken': 'eyJ0eXAiOiJKV1QiLCJhbGciOiJIUzUxMiJ9.eyJkZWhvb3B1c2VyaWQiOiI2NTcyNTM5NTk3NjQ4MDM1ODQiLCJ0ZW5hbnRpZCI6IjY1NjYwOTExODM5OTc1ODMzNiIsImV4cCI6MTc0MTg1MzA2OSwiaWF0IjoxNzQxNTkzODY5fQ.EeaRvlHC36zgcEVyu5R-N1_v9zEK_tLhjDAAig6tOwy3HFFcigLuy8aNG9TnD8vXLgfhu6bdIFxIRPjqbniYjQ', 'tenantid': '656609118399758336', 'projectid': '', 'connection': 'keep-alive', 'content-type': 'application/json'}
2025-03-10 16:11:53,589 - log - DEBUG - 请求体内容：
 {'searchWord': '', 'page': '1', 'pageSize': 2147483646}
2025-03-10 16:11:53,590 - urllib3.connectionpool - DEBUG - Starting new HTTP connection (1): 10.1.8.17:30104
2025-03-10 16:11:53,715 - urllib3.connectionpool - DEBUG - http://10.1.8.17:30104 "POST /dehoop-admin/pro/tabProjects?timestamp=1741594313 HTTP/1.1" 200 None
2025-03-10 16:11:53,725 - log - INFO - 返回状态码:  200
2025-03-10 16:11:53,726 - log - DEBUG - 返回结果: 
 {"bizCode":null,"code":"ok","message":"查询成功","total":23,"table":[{"projectName":"农险统计分析项目","projectId":"659865788999532544","envId":"660123898615955456","envName":"开发","role":"ADMIN","type":"DEV","cycleScheduling":"DISABLE","submitCheck":"ENABLE","downloadQuery":"ENABLE","editJob":"ENABLE","runJob":"ENABLE","submitJob":"ENABLE","businessUintId":"656617603493527552","businessUintName":"测试开发存储空间","dataFieldId":"656609118638833701","dataFieldName":"默认","clusterType":"CDH"},{"projectName":"保单域模型开发","projectId":"660489178949091328","envId":"660489357961986048","envName":"保单域开发","role":"ADMIN","type":"DEV","cycleScheduling":"DISABLE","submitCheck":"DISABLE","downloadQuery":"ENABLE","editJob":"ENABLE","runJob":"ENABLE","submitJob":"ENABLE","businessUintId":"657543443194576896","businessUintName":"核心开发存储空间","dataFieldId":"657541517455392768","dataFieldName":"保单域","clusterType":"CDH"},{"projectName":"理赔域模型开发","projectId":"664105169524359168","envId":"664110609901551616","envName":"理赔域开发环境","role":"ADMIN","type":"DEV","cycleScheduling":"DISABLE","submitCheck":"DISABLE","downloadQuery":"ENABLE","editJob":"ENABLE","runJob":"ENABLE","submitJob":"ENABLE","businessUintId":"657543443194576896","businessUintName":"核心开发存储空间","dataFieldId":"659437558383509504","dataFieldName":"理赔域","clusterType":"CDH"},{"projectName":"收付域模型开发","projectId":"665558091214880768","envId":"665558589229760512","envName":"收付域开发环境","role":"ADMIN","type":"DEV","cycleScheduling":"DISABLE","submitCheck":"DISABLE","downloadQuery":"ENABLE","editJob":"ENABLE","runJob":"ENABLE","submitJob":"ENABLE","businessUintId":"657543443194576896","businessUintName":"核心开发存储空间","dataFieldId":"659438427460075520","dataFieldName":"收付域","clusterType":"CDH"},{"projectName":"产品域模型开发","projectId":"667309876069793792","envId":"667310114419507200","envName":"产品域开发环境","role":"ADMIN","type":"DEV","cycleScheduling":"DISABLE","submitCheck":"DISABLE","downloadQuery":"ENABLE","editJob":"ENABLE","runJob":"ENABLE","submitJob":"ENABLE","businessUintId":"657543443194576896","businessUintName":"核心开发存储空间","dataFieldId":"667308476858368000","dataFieldName":"产品域","clusterType":"CDH"},{"projectName":"公共域模型开发","projectId":"667309925382225920","envId":"667310350181335040","envName":"公共域开发环境","role":"ADMIN","type":"DEV","cycleScheduling":"DISABLE","submitCheck":"DISABLE","downloadQuery":"ENABLE","editJob":"ENABLE","runJob":"ENABLE","submitJob":"ENABLE","businessUintId":"657543443194576896","businessUintName":"核心开发存储空间","dataFieldId":"667308709679988736","dataFieldName":"公共域","clusterType":"CDH"},{"projectName":"销管域模型开发","projectId":"669492845551288320","envId":"669492992658112512","envName":"销管域开发环境","role":"ADMIN","type":"DEV","cycleScheduling":"DISABLE","submitCheck":"DISABLE","downloadQuery":"ENABLE","editJob":"ENABLE","runJob":"ENABLE","submitJob":"ENABLE","businessUintId":"657543443194576896","businessUintName":"核心开发存储空间","dataFieldId":"669471763612041216","dataFieldName":"销管域","clusterType":"CDH"},{"projectName":"机构域模型开发","projectId":"669499243865571328","envId":"669499579246313472","envName":"机构域开发环境","role":"ADMIN","type":"DEV","cycleScheduling":"DISABLE","submitCheck":"DISABLE","downloadQuery":"ENABLE","editJob":"ENABLE","runJob":"ENABLE","submitJob":"ENABLE","businessUintId":"657543443194576896","businessUintName":"核心开发存储空间","dataFieldId":"669498611381305344","dataFieldName":"机构域","clusterType":"CDH"},{"projectName":"财务域模型开发","projectId":"669499189998125056","envId":"669500013042204672","envName":"财务域开发环境","role":"ADMIN","type":"DEV","cycleScheduling":"DISABLE","submitCheck":"DISABLE","downloadQuery":"ENABLE","editJob":"ENABLE","runJob":"ENABLE","submitJob":"ENABLE","businessUintId":"657543443194576896","businessUintName":"核心开发存储空间","dataFieldId":"669488262200426496","dataFieldName":"财务域","clusterType":"CDH"},{"projectName":"再保域模型开发","projectId":"669540045408960512","envId":"669540279086219264","envName":"再保域开发环境","role":"ADMIN","type":"DEV","cycleScheduling":"DISABLE","submitCheck":"ENABLE","downloadQuery":"ENABLE","editJob":"ENABLE","runJob":"ENABLE","submitJob":"ENABLE","businessUintId":"657543443194576896","businessUintName":"核心开发存储空间","dataFieldId":"660121401843253248","dataFieldName":"再保域","clusterType":"CDH"},{"projectName":"客户域模型开发","projectId":"669544231576010752","envId":"669544379244871680","envName":"客户域开发环境","role":"ADMIN","type":"DEV","cycleScheduling":"DISABLE","submitCheck":"DISABLE","downloadQuery":"ENABLE","editJob":"ENABLE","runJob":"ENABLE","submitJob":"ENABLE","businessUintId":"657543443194576896","businessUintName":"核心开发存储空间","dataFieldId":"669543563356274688","dataFieldName":"客户域","clusterType":"CDH"},{"projectName":"系统配置域模型开发","projectId":"669567632545939456","envId":"669567973840650240","envName":"系统配置域开发环境","role":"ADMIN","type":"DEV","cycleScheduling":"DISABLE","submitCheck":"DISABLE","downloadQuery":"ENABLE","editJob":"ENABLE","runJob":"ENABLE","submitJob":"ENABLE","businessUintId":"657543443194576896","businessUintName":"核心开发存储空间","dataFieldId":"669567435174576128","dataFieldName":"系统配置域","clusterType":"CDH"},{"projectName":"监管报送","projectId":"680416668777709568","envId":"680417741324156928","envName":"监管报送开发环境","role":"ADMIN","type":"DEV","cycleScheduling":"DISABLE","submitCheck":"ENABLE","downloadQuery":"ENABLE","editJob":"ENABLE","runJob":"ENABLE","submitJob":"ENABLE","businessUintId":"657543443194576896","businessUintName":"核心开发存储空间","dataFieldId":"680415995805827072","dataFieldName":"监管保送数据域","clusterType":"CDH"},{"projectName":"新农险域模型开发","projectId":"680809261319585792","envId":"680809423555264512","envName":"新农险开发环境","role":"ADMIN","type":"DEV","cycleScheduling":"DISABLE","submitCheck":"DISABLE","downloadQuery":"ENABLE","editJob":"ENABLE","runJob":"ENABLE","submitJob":"ENABLE","businessUintId":"657543443194576896","businessUintName":"核心开发存储空间","dataFieldId":"680809170361909248","dataFieldName":"新农险","clusterType":"CDH"},{"projectName":"业务流程域模型开发","projectId":"681802495118278656","envId":"681802711519199232","envName":"业务流程开发环境","role":"ADMIN","type":"DEV","cycleScheduling":"DISABLE","submitCheck":"DISABLE","downloadQuery":"ENABLE","editJob":"ENABLE","runJob":"ENABLE","submitJob":"ENABLE","businessUintId":"657543443194576896","businessUintName":"核心开发存储空间","dataFieldId":"681802215240761344","dataFieldName":"业务流程域","clusterType":"CDH"},{"projectName":"中台-用户角色其他域模型开发","projectId":"682895993879920640","envId":"682896235052400640","envName":"中台-用户角色其他域开发环境","role":"ADMIN","type":"DEV","cycleScheduling":"DISABLE","submitCheck":"DISABLE","downloadQuery":"ENABLE","editJob":"ENABLE","runJob":"ENABLE","submitJob":"ENABLE","businessUintId":"657543443194576896","businessUintName":"核心开发存储空间","dataFieldId":"682887528574877696","dataFieldName":"中台-用户角色其他","clusterType":"CDH"},{"projectName":"中台-后台管理其他域模型开发","projectId":"682898213014863872","envId":"682898478518501376","envName":"中台-后台管理其他域开发环境","role":"ADMIN","type":"DEV","cycleScheduling":"DISABLE","submitCheck":"ENABLE","downloadQuery":"ENABLE","editJob":"ENABLE","runJob":"ENABLE","submitJob":"ENABLE","businessUintId":"657543443194576896","businessUintName":"核心开发存储空间","dataFieldId":"682887705197019136","dataFieldName":"中台-后台管理其他","clusterType":"CDH"},{"projectName":"中台-出单管理域模型开发","projectId":"682900068184883200","envId":"682901913062080512","envName":"中台-出单管理域开发环境","role":"ADMIN","type":"DEV","cycleScheduling":"DISABLE","submitCheck":"ENABLE","downloadQuery":"ENABLE","editJob":"ENABLE","runJob":"ENABLE","submitJob":"ENABLE","businessUintId":"657543443194576896","businessUintName":"核心开发存储空间","dataFieldId":"682887793805885440","dataFieldName":"中台-出单管理","clusterType":"CDH"},{"projectName":"中台-产品其他域模型开发","projectId":"682902636659212288","envId":"682902781631135744","envName":"中台-产品其他域开发环境","role":"ADMIN","type":"DEV","cycleScheduling":"DISABLE","submitCheck":"ENABLE","downloadQuery":"ENABLE","editJob":"ENABLE","runJob":"ENABLE","submitJob":"ENABLE","businessUintId":"657543443194576896","businessUintName":"核心开发存储空间","dataFieldId":"682887871262097408","dataFieldName":"中台-产品其他","clusterType":"CDH"},{"projectName":"中台-客户信息其他域模型开发","projectId":"682903242018914304","envId":"682903519925108736","envName":"中台-客户信息其他域开发环境","role":"ADMIN","type":"DEV","cycleScheduling":"DISABLE","submitCheck":"ENABLE","downloadQuery":"ENABLE","editJob":"ENABLE","runJob":"ENABLE","submitJob":"ENABLE","businessUintId":"657543443194576896","businessUintName":"核心开发存储空间","dataFieldId":"682888049150918656","dataFieldName":"中台-客户信息其他","clusterType":"CDH"},{"projectName":"中台-接口平台其他域模型开发","projectId":"682903972750557184","envId":"682904146646401024","envName":"中台-接口平台其他域开发环境","role":"ADMIN","type":"DEV","cycleScheduling":"DISABLE","submitCheck":"DISABLE","downloadQuery":"ENABLE","editJob":"ENABLE","runJob":"ENABLE","submitJob":"ENABLE","businessUintId":"657543443194576896","businessUintName":"核心开发存储空间","dataFieldId":"682888121045483520","dataFieldName":"中台-接口平台其他","clusterType":"CDH"},{"projectName":"中台-客户管理其他域模型开发","projectId":"682904898685108224","envId":"682905336268455936","envName":"中台-客户管理其他域开发环境","role":"ADMIN","type":"DEV","cycleScheduling":"DISABLE","submitCheck":"DISABLE","downloadQuery":"ENABLE","editJob":"ENABLE","runJob":"ENABLE","submitJob":"ENABLE","businessUintId":"657543443194576896","businessUintName":"核心开发存储空间","dataFieldId":"682888198963068928","dataFieldName":"中台-客户管理其他","clusterType":"CDH"},{"projectName":"中台-移动查勘其他域模型开发","projectId":"682906020632068096","envId":"682906292985004032","envName":"中台-移动查勘其他域开发环境","role":"ADMIN","type":"DEV","cycleScheduling":"DISABLE","submitCheck":"DISABLE","downloadQuery":"ENABLE","editJob":"ENABLE","runJob":"ENABLE","submitJob":"ENABLE","businessUintId":"657543443194576896","businessUintName":"核心开发存储空间","dataFieldId":"682888282777845760","dataFieldName":"中台-移动查勘其他","clusterType":"CDH"}]}
2025-03-10 16:11:53,726 - log - INFO - 项目名称:农险统计分析项目,项目ID:659865788999532544,环境ID:660123898615955456
2025-03-10 16:11:53,726 - log - INFO - 项目名称:保单域模型开发,项目ID:660489178949091328,环境ID:660489357961986048
2025-03-10 16:11:53,726 - log - INFO - 项目名称:理赔域模型开发,项目ID:664105169524359168,环境ID:664110609901551616
2025-03-10 16:11:53,727 - log - INFO - 项目名称:收付域模型开发,项目ID:665558091214880768,环境ID:665558589229760512
2025-03-10 16:11:53,727 - log - INFO - 项目名称:产品域模型开发,项目ID:667309876069793792,环境ID:667310114419507200
2025-03-10 16:11:53,727 - log - INFO - 项目名称:公共域模型开发,项目ID:667309925382225920,环境ID:667310350181335040
2025-03-10 16:11:53,727 - log - INFO - 项目名称:销管域模型开发,项目ID:669492845551288320,环境ID:669492992658112512
2025-03-10 16:11:53,727 - log - INFO - 项目名称:机构域模型开发,项目ID:669499243865571328,环境ID:669499579246313472
2025-03-10 16:11:53,727 - log - INFO - 项目名称:财务域模型开发,项目ID:669499189998125056,环境ID:669500013042204672
2025-03-10 16:11:53,727 - log - INFO - 项目名称:再保域模型开发,项目ID:669540045408960512,环境ID:669540279086219264
2025-03-10 16:11:53,727 - log - INFO - 项目名称:客户域模型开发,项目ID:669544231576010752,环境ID:669544379244871680
2025-03-10 16:11:53,727 - log - INFO - 项目名称:系统配置域模型开发,项目ID:669567632545939456,环境ID:669567973840650240
2025-03-10 16:11:53,727 - log - INFO - 项目名称:监管报送,项目ID:680416668777709568,环境ID:680417741324156928
2025-03-10 16:11:53,727 - log - INFO - 项目名称:新农险域模型开发,项目ID:680809261319585792,环境ID:680809423555264512
2025-03-10 16:11:53,727 - log - INFO - 项目名称:业务流程域模型开发,项目ID:681802495118278656,环境ID:681802711519199232
2025-03-10 16:11:53,727 - log - INFO - 项目名称:中台-用户角色其他域模型开发,项目ID:682895993879920640,环境ID:682896235052400640
2025-03-10 16:11:53,727 - log - INFO - 项目名称:中台-后台管理其他域模型开发,项目ID:682898213014863872,环境ID:682898478518501376
2025-03-10 16:11:53,727 - log - INFO - 项目名称:中台-出单管理域模型开发,项目ID:682900068184883200,环境ID:682901913062080512
2025-03-10 16:11:53,727 - log - INFO - 项目名称:中台-产品其他域模型开发,项目ID:682902636659212288,环境ID:682902781631135744
2025-03-10 16:11:53,727 - log - INFO - 项目名称:中台-客户信息其他域模型开发,项目ID:682903242018914304,环境ID:682903519925108736
2025-03-10 16:11:53,727 - log - INFO - 项目名称:中台-接口平台其他域模型开发,项目ID:682903972750557184,环境ID:682904146646401024
2025-03-10 16:11:53,727 - log - INFO - 项目名称:中台-客户管理其他域模型开发,项目ID:682904898685108224,环境ID:682905336268455936
2025-03-10 16:11:53,727 - log - INFO - 项目名称:中台-移动查勘其他域模型开发,项目ID:682906020632068096,环境ID:682906292985004032
2025-03-10 16:11:53,727 - log - INFO - 查询项目成功
2025-03-10 16:11:53,727 - log - INFO - http://10.1.8.17:30104/dehoop-admin/daq/datalayer/queryDatalayers?timestamp=1741594313
2025-03-10 16:11:53,727 - log - INFO - -------------------------获取数据分层接口-------------------------
2025-03-10 16:11:53,728 - log - INFO - 请求发送中...
2025-03-10 16:11:53,728 - log - DEBUG - 头请求内容：
 {'dehooptoken': 'eyJ0eXAiOiJKV1QiLCJhbGciOiJIUzUxMiJ9.eyJkZWhvb3B1c2VyaWQiOiI2NTcyNTM5NTk3NjQ4MDM1ODQiLCJ0ZW5hbnRpZCI6IjY1NjYwOTExODM5OTc1ODMzNiIsImV4cCI6MTc0MTg1MzA2OSwiaWF0IjoxNzQxNTkzODY5fQ.EeaRvlHC36zgcEVyu5R-N1_v9zEK_tLhjDAAig6tOwy3HFFcigLuy8aNG9TnD8vXLgfhu6bdIFxIRPjqbniYjQ', 'tenantid': '656609118399758336', 'projectid': '682904898685108224', 'connection': 'keep-alive', 'content-type': 'application/json'}
2025-03-10 16:11:53,728 - log - DEBUG - 请求体内容：
 {'projectId': '682904898685108224'}
2025-03-10 16:11:53,728 - urllib3.connectionpool - DEBUG - Starting new HTTP connection (1): 10.1.8.17:30104
2025-03-10 16:11:53,781 - urllib3.connectionpool - DEBUG - http://10.1.8.17:30104 "GET /dehoop-admin/daq/datalayer/queryDatalayers?timestamp=1741594313&projectId=682904898685108224 HTTP/1.1" 200 None
2025-03-10 16:11:53,793 - log - INFO - 返回状态码:  200
2025-03-10 16:11:53,794 - log - DEBUG - 返回结果: 
 {"code":"ok","bizCode":null,"message":"查询成功","interval":null,"data":[{"id":"682904898915794944","engName":"Operational Data Store","engSimpleName":"ODS","name":"数据引入层","descr":"用于接收并处理需要存储至数据仓库系统的原始数据，结构上与源系统保持一致。","directorName":"柳彬","director":"657253959764803584","directorAvatarUrl":null,"lastUpdateDate":"2025-02-27 11:00:16","creationDate":"2025-02-27 11:00:16","lastUpdatedBy":"100563950021205032123","lastUpdaterName":null,"createdBy":"100563950021205032123","creatorName":"开发测试"},{"id":"682904898915794945","engName":"Data Warehouse Detail","engSimpleName":"DWD","name":"明细数据层","descr":"以业务过程为建模驱动，基于具体业务事件的特点，构建最细粒度的明细数据表。","directorName":"柳彬","director":"657253959764803584","directorAvatarUrl":null,"lastUpdateDate":"2025-02-27 11:00:16","creationDate":"2025-02-27 11:00:16","lastUpdatedBy":"100563950021205032123","lastUpdaterName":null,"createdBy":"100563950021205032123","creatorName":"开发测试"},{"id":"682904898915794946","engName":"Data Warehouse Summary","engSimpleName":"DWS","name":"汇总数据层","descr":"通过分析的主题对象构建数据模型，基于上层的应用和产品的指标需求，构建公共粒度的汇总指标事实表。","directorName":"柳彬","director":"657253959764803584","directorAvatarUrl":null,"lastUpdateDate":"2025-02-27 11:00:16","creationDate":"2025-02-27 11:00:16","lastUpdatedBy":"100563950021205032123","lastUpdaterName":null,"createdBy":"100563950021205032123","creatorName":"开发测试"},{"id":"682904898919989248","engName":"Application Data Service","engSimpleName":"ADS","name":"应用数据层","descr":"用于存放数据产品个性化的统计指标数据，输出各种报表。","directorName":"柳彬","director":"657253959764803584","directorAvatarUrl":null,"lastUpdateDate":"2025-02-27 11:00:16","creationDate":"2025-02-27 11:00:16","lastUpdatedBy":"100563950021205032123","lastUpdaterName":null,"createdBy":"100563950021205032123","creatorName":"开发测试"},{"id":"682904898919989249","engName":"Dimension","engSimpleName":"DIM","name":"公共维度层","descr":"基于维度建模理念思想，建立整个企业的一致性维度。","directorName":"柳彬","director":"657253959764803584","directorAvatarUrl":null,"lastUpdateDate":"2025-02-27 11:00:16","creationDate":"2025-02-27 11:00:16","lastUpdatedBy":"100563950021205032123","lastUpdaterName":null,"createdBy":"100563950021205032123","creatorName":"开发测试"},{"id":"682997679583657984","engName":"Staging Layer","engSimpleName":"STG","name":"增量层","descr":"用于存数据源同步过来的增量数据，并执行简单的数据清理的分层。","directorName":"柳彬","director":"657253959764803584","directorAvatarUrl":null,"lastUpdateDate":"2025-02-27 17:08:56","creationDate":"2025-02-27 17:08:56","lastUpdatedBy":"669175996783525888","lastUpdaterName":null,"createdBy":"669175996783525888","creatorName":"温朝裕"}]}
