2025-03-13 09:35:19,453 - sqlalchemy.engine.Engine - INFO - SELECT DATABASE()
2025-03-13 09:35:19,454 - sqlalchemy.engine.Engine - INFO - [raw sql] {}
2025-03-13 09:35:19,455 - sqlalchemy.engine.Engine - INFO - SELECT @@sql_mode
2025-03-13 09:35:19,455 - sqlalchemy.engine.Engine - INFO - [raw sql] {}
2025-03-13 09:35:19,455 - sqlalchemy.engine.Engine - INFO - SELECT @@lower_case_table_names
2025-03-13 09:35:19,455 - sqlalchemy.engine.Engine - INFO - [raw sql] {}
2025-03-13 09:35:19,456 - sqlalchemy.engine.Engine - INFO - BEGIN (implicit)
2025-03-13 09:35:19,457 - sqlalchemy.engine.Engine - INFO - select parititonFields from tabletmp where tableName = 'gupolicycopycoinsurance';
2025-03-13 09:35:19,457 - sqlalchemy.engine.Engine - INFO - [generated in 0.00054s] {}
2025-03-13 09:35:19,464 - sqlalchemy.engine.Engine - INFO - COMMIT
2025-03-13 09:35:19,465 - sqlalchemy.engine.Engine - INFO - BEGIN (implicit)
2025-03-13 09:35:19,466 - sqlalchemy.engine.Engine - INFO - insert into dwd_script values ('dwd_pl_cop_gupolicycopycoinsurance', '
WITH STOCKDATA AS (
    SELECT * FROM dwd_pl_cop_gupolicycopycoinsurance t WHERE EXISTS (SELECT 1 FROM ods_hbcore_gupolicycopycoinsurance o WHERE t.ds = substring(createtime,1,7) )
)
INSERT OVERWRITE TABLE dwd_pl_cop_gupolicycopycoinsurance PARTITION (DS) 
SELECT 
    DWD.*
FROM 
    STOCKDATA DWD 
LEFT JOIN  
    ods_hbcore_gupolicycopycoinsurance ODS 
ON 
    DWD.PolicyNo = ODS.PolicyNo 
WHERE 
    PolicyNo IS NULL  -- 请将 some_field 替换为实际字段名
UNION ALL
SELECT
    PolicyNo ,EndorSeqNo ,CoinsPolicyNo ,CoinsCode ,CoinsName ,CoinsType ,CoinsRate ,PrincipalInd ,LeaderInd ,ChiefAdjusterInd ,Currency ,CoinsInsured ,CoinsPremium ,CoinsHandlingRate ,CoinsHandlingFee ,CoinsAgencyRate ,CoinsAgencyCommission ,CoinsIssueRate ,CoinsIssueExpense ,CoinsPremiumAcceptInd ,CoinsPremiumCompose ,CoinsAgencyPayInd ,CoinsLevy ,CoinsLevyAcceptInd ,CoinsOthFeeRate ,CoinsOthFee ,CoinsOthFeeAcceptInd ,CoinsCompReserve ,CoinsCompResAcceptInd ,PlanCode ,RiskCode ,SubPolicyNo ,CHANGECOINSLEVY ,CHANGECOINSPREMIUM ,CHANGECOINSISSUEEXPENSE ,CHANGECOINSHANDLINGFEE ,CHANGECOINSINSURED ,CHANGECOINSAGENCYCOMMISSION ,CHANGECOINSOTHFEE ,CHANGECOINSCOMPRESERVE ,CHANGEPREPRICETAXTOTAL ,CHANGEPREADDTAX ,CREATETIME ,PREPRICETAXTOTAL ,UPDATETIME ,VATINVOICESIND ,PREADDTAX,
     '$env.current_time' as elt_timestamp,
    substring(createtime,1,7) AS DS  -- 确认 PRATITION 是否正确拼写为 PARTITION
FROM
    ods_hbcore_gupolicycopycoinsurance ods
','substring(createtime,1,7)','2025-03-13 09:35:19')
2025-03-13 09:35:19,466 - sqlalchemy.engine.Engine - INFO - [generated in 0.00045s] {}
2025-03-13 09:35:19,467 - sqlalchemy.engine.Engine - INFO - ROLLBACK
2025-03-13 09:35:41,578 - sqlalchemy.engine.Engine - INFO - SELECT DATABASE()
2025-03-13 09:35:41,578 - sqlalchemy.engine.Engine - INFO - [raw sql] {}
2025-03-13 09:35:41,579 - sqlalchemy.engine.Engine - INFO - SELECT @@sql_mode
2025-03-13 09:35:41,579 - sqlalchemy.engine.Engine - INFO - [raw sql] {}
2025-03-13 09:35:41,579 - sqlalchemy.engine.Engine - INFO - SELECT @@lower_case_table_names
2025-03-13 09:35:41,579 - sqlalchemy.engine.Engine - INFO - [raw sql] {}
2025-03-13 09:35:41,580 - sqlalchemy.engine.Engine - INFO - BEGIN (implicit)
2025-03-13 09:35:41,580 - sqlalchemy.engine.Engine - INFO - select parititonFields from tabletmp where tableName = 'gupolicycopycoinsurance';
2025-03-13 09:35:41,581 - sqlalchemy.engine.Engine - INFO - [generated in 0.00020s] {}
2025-03-13 09:35:41,582 - sqlalchemy.engine.Engine - INFO - COMMIT
2025-03-13 09:35:41,583 - sqlalchemy.engine.Engine - INFO - BEGIN (implicit)
2025-03-13 09:35:41,583 - sqlalchemy.engine.Engine - INFO - insert into dwd_script values ('dwd_pl_cop_gupolicycopycoinsurance', '
WITH STOCKDATA AS (
    SELECT * FROM dwd_pl_cop_gupolicycopycoinsurance t WHERE EXISTS (SELECT 1 FROM ods_hbcore_gupolicycopycoinsurance o WHERE t.ds = substring(createtime,1,7) )
)
INSERT OVERWRITE TABLE dwd_pl_cop_gupolicycopycoinsurance PARTITION (DS) 
SELECT 
    DWD.*
FROM 
    STOCKDATA DWD 
LEFT JOIN  
    ods_hbcore_gupolicycopycoinsurance ODS 
ON 
    DWD.PolicyNo = ODS.PolicyNo 
WHERE 
    PolicyNo IS NULL  -- 请将 some_field 替换为实际字段名
UNION ALL
SELECT
    PolicyNo ,EndorSeqNo ,CoinsPolicyNo ,CoinsCode ,CoinsName ,CoinsType ,CoinsRate ,PrincipalInd ,LeaderInd ,ChiefAdjusterInd ,Currency ,CoinsInsured ,CoinsPremium ,CoinsHandlingRate ,CoinsHandlingFee ,CoinsAgencyRate ,CoinsAgencyCommission ,CoinsIssueRate ,CoinsIssueExpense ,CoinsPremiumAcceptInd ,CoinsPremiumCompose ,CoinsAgencyPayInd ,CoinsLevy ,CoinsLevyAcceptInd ,CoinsOthFeeRate ,CoinsOthFee ,CoinsOthFeeAcceptInd ,CoinsCompReserve ,CoinsCompResAcceptInd ,PlanCode ,RiskCode ,SubPolicyNo ,CHANGECOINSLEVY ,CHANGECOINSPREMIUM ,CHANGECOINSISSUEEXPENSE ,CHANGECOINSHANDLINGFEE ,CHANGECOINSINSURED ,CHANGECOINSAGENCYCOMMISSION ,CHANGECOINSOTHFEE ,CHANGECOINSCOMPRESERVE ,CHANGEPREPRICETAXTOTAL ,CHANGEPREADDTAX ,CREATETIME ,PREPRICETAXTOTAL ,UPDATETIME ,VATINVOICESIND ,PREADDTAX,
    $env.current_time as elt_timestamp,
    substring(createtime,1,7) AS DS  -- 确认 PRATITION 是否正确拼写为 PARTITION
FROM
    ods_hbcore_gupolicycopycoinsurance ods
','substring(createtime,1,7)','2025-03-13 09:35:41')
2025-03-13 09:35:41,584 - sqlalchemy.engine.Engine - INFO - [generated in 0.00054s] {}
2025-03-13 09:35:41,588 - sqlalchemy.engine.Engine - INFO - COMMIT
2025-03-13 09:51:11,335 - log - INFO - 发送登入请求中...
2025-03-13 09:51:11,335 - log - DEBUG - 头请求内容：
 {'content-type': 'application/json', 'connection': 'keep-alive'}
2025-03-13 09:51:11,336 - log - DEBUG - 请求体内容：
 {'account': 'liub', 'password': '4c77da970dfdcf7323963f17391ede0f', 'type': 'account'}
2025-03-13 09:51:11,337 - urllib3.connectionpool - DEBUG - Starting new HTTP connection (1): 10.1.8.17:30104
2025-03-13 09:51:11,376 - urllib3.connectionpool - DEBUG - http://10.1.8.17:30104 "POST /dehoop-admin/fnd/user/login HTTP/1.1" 200 None
2025-03-13 09:51:11,432 - log - INFO - 返回状态码:  200
2025-03-13 09:51:11,432 - log - DEBUG - 返回结果: 
 {"code":"ok","bizCode":null,"message":"登录成功","interval":null,"data":{"sysRole":"MEMBER","enableTenantInfoList":[{"id":"656609118399758336","name":"数据中台","code":null,"tenantKey":null,"tenantSecret":null,"hasWorkNumLimit":null,"workNumLimit":null,"tenantAdmins":null,"userNum":null,"proNum":null,"descr":null,"createBy":null,"creationDate":null,"state":null,"icon":null,"iconUrl":"http://10.1.8.17:30104/dehoop-admin/system/attachment/display/667762735953477632","sysRole":"ADMIN"}],"tenantid":"656609118399758336","userinfo":{"id":"657253959764803584","username":"柳彬","phone":"17773010647","account":"liub","jobNo":"000005","sex":"SECRET","state":"ENABLE","type":"PLATFORM","effectStartDate":"2024-12-18","effectEndDate":"9999-12-31"},"token":"eyJ0eXAiOiJKV1QiLCJhbGciOiJIUzUxMiJ9.eyJkZWhvb3B1c2VyaWQiOiI2NTcyNTM5NTk3NjQ4MDM1ODQiLCJ0ZW5hbnRpZCI6IjY1NjYwOTExODM5OTc1ODMzNiIsImV4cCI6MTc0MjA4OTg1MCwiaWF0IjoxNzQxODMwNjUwfQ.8iOFa4PjrnBUD1pjh1Y7zMVPKS-25mrpawkk-tOgHbe2N1vp0TR7aZkyLUZc8Ri9BlGGEOpSQ1cWBLXOAQbQmA"}}
2025-03-13 09:51:11,432 - log - INFO - 登入成功
2025-03-13 09:51:11,432 - log - INFO - token:eyJ0eXAiOiJKV1QiLCJhbGciOiJIUzUxMiJ9.eyJkZWhvb3B1c2VyaWQiOiI2NTcyNTM5NTk3NjQ4MDM1ODQiLCJ0ZW5hbnRpZCI6IjY1NjYwOTExODM5OTc1ODMzNiIsImV4cCI6MTc0MjA4OTg1MCwiaWF0IjoxNzQxODMwNjUwfQ.8iOFa4PjrnBUD1pjh1Y7zMVPKS-25mrpawkk-tOgHbe2N1vp0TR7aZkyLUZc8Ri9BlGGEOpSQ1cWBLXOAQbQmA
2025-03-13 09:51:11,433 - log - INFO - tenantid:656609118399758336
2025-03-13 09:51:11,433 - log - INFO - userId:657253959764803584
2025-03-13 09:51:11,994 - log - WARNING - 未获取到项目信息，正在获取项目
2025-03-13 09:51:11,994 - log - INFO - http://10.1.8.17:30104/dehoop-admin/pro/tabProjects?timestamp=1741830671
2025-03-13 09:51:11,994 - log - INFO - -------------------------查询项目接口-------------------------
2025-03-13 09:51:11,994 - log - INFO - 请求发送中...
2025-03-13 09:51:11,994 - log - DEBUG - 头请求内容：
 {'dehooptoken': 'eyJ0eXAiOiJKV1QiLCJhbGciOiJIUzUxMiJ9.eyJkZWhvb3B1c2VyaWQiOiI2NTcyNTM5NTk3NjQ4MDM1ODQiLCJ0ZW5hbnRpZCI6IjY1NjYwOTExODM5OTc1ODMzNiIsImV4cCI6MTc0MjA4OTg1MCwiaWF0IjoxNzQxODMwNjUwfQ.8iOFa4PjrnBUD1pjh1Y7zMVPKS-25mrpawkk-tOgHbe2N1vp0TR7aZkyLUZc8Ri9BlGGEOpSQ1cWBLXOAQbQmA', 'tenantid': '656609118399758336', 'projectid': '', 'connection': 'keep-alive', 'content-type': 'application/json'}
2025-03-13 09:51:11,995 - log - DEBUG - 请求体内容：
 {'searchWord': '', 'page': '1', 'pageSize': 2147483646}
2025-03-13 09:51:11,995 - urllib3.connectionpool - DEBUG - Starting new HTTP connection (1): 10.1.8.17:30104
2025-03-13 09:51:12,152 - urllib3.connectionpool - DEBUG - http://10.1.8.17:30104 "POST /dehoop-admin/pro/tabProjects?timestamp=1741830671 HTTP/1.1" 200 None
2025-03-13 09:51:12,166 - log - INFO - 返回状态码:  200
2025-03-13 09:51:12,167 - log - DEBUG - 返回结果: 
 {"bizCode":null,"code":"ok","message":"查询成功","total":24,"table":[{"projectName":"农险统计分析项目","projectId":"659865788999532544","envId":"660123898615955456","envName":"开发","role":"ADMIN","type":"DEV","cycleScheduling":"DISABLE","submitCheck":"ENABLE","downloadQuery":"ENABLE","editJob":"ENABLE","runJob":"ENABLE","submitJob":"ENABLE","businessUintId":"656617603493527552","businessUintName":"测试开发存储空间","dataFieldId":"656609118638833701","dataFieldName":"默认","clusterType":"CDH"},{"projectName":"保单域模型开发","projectId":"660489178949091328","envId":"660489357961986048","envName":"保单域开发","role":"ADMIN","type":"DEV","cycleScheduling":"DISABLE","submitCheck":"DISABLE","downloadQuery":"ENABLE","editJob":"ENABLE","runJob":"ENABLE","submitJob":"ENABLE","businessUintId":"657543443194576896","businessUintName":"核心开发存储空间","dataFieldId":"657541517455392768","dataFieldName":"保单域","clusterType":"CDH"},{"projectName":"理赔域模型开发","projectId":"664105169524359168","envId":"664110609901551616","envName":"理赔域开发环境","role":"ADMIN","type":"DEV","cycleScheduling":"DISABLE","submitCheck":"DISABLE","downloadQuery":"ENABLE","editJob":"ENABLE","runJob":"ENABLE","submitJob":"ENABLE","businessUintId":"657543443194576896","businessUintName":"核心开发存储空间","dataFieldId":"659437558383509504","dataFieldName":"理赔域","clusterType":"CDH"},{"projectName":"收付域模型开发","projectId":"665558091214880768","envId":"665558589229760512","envName":"收付域开发环境","role":"ADMIN","type":"DEV","cycleScheduling":"DISABLE","submitCheck":"DISABLE","downloadQuery":"ENABLE","editJob":"ENABLE","runJob":"ENABLE","submitJob":"ENABLE","businessUintId":"657543443194576896","businessUintName":"核心开发存储空间","dataFieldId":"659438427460075520","dataFieldName":"收付域","clusterType":"CDH"},{"projectName":"产品域模型开发","projectId":"667309876069793792","envId":"667310114419507200","envName":"产品域开发环境","role":"ADMIN","type":"DEV","cycleScheduling":"DISABLE","submitCheck":"DISABLE","downloadQuery":"ENABLE","editJob":"ENABLE","runJob":"ENABLE","submitJob":"ENABLE","businessUintId":"657543443194576896","businessUintName":"核心开发存储空间","dataFieldId":"667308476858368000","dataFieldName":"产品域","clusterType":"CDH"},{"projectName":"公共域模型开发","projectId":"667309925382225920","envId":"667310350181335040","envName":"公共域开发环境","role":"ADMIN","type":"DEV","cycleScheduling":"DISABLE","submitCheck":"DISABLE","downloadQuery":"ENABLE","editJob":"ENABLE","runJob":"ENABLE","submitJob":"ENABLE","businessUintId":"657543443194576896","businessUintName":"核心开发存储空间","dataFieldId":"667308709679988736","dataFieldName":"公共域","clusterType":"CDH"},{"projectName":"销管域模型开发","projectId":"669492845551288320","envId":"669492992658112512","envName":"销管域开发环境","role":"ADMIN","type":"DEV","cycleScheduling":"DISABLE","submitCheck":"DISABLE","downloadQuery":"ENABLE","editJob":"ENABLE","runJob":"ENABLE","submitJob":"ENABLE","businessUintId":"657543443194576896","businessUintName":"核心开发存储空间","dataFieldId":"669471763612041216","dataFieldName":"销管域","clusterType":"CDH"},{"projectName":"机构域模型开发","projectId":"669499243865571328","envId":"669499579246313472","envName":"机构域开发环境","role":"ADMIN","type":"DEV","cycleScheduling":"DISABLE","submitCheck":"DISABLE","downloadQuery":"ENABLE","editJob":"ENABLE","runJob":"ENABLE","submitJob":"ENABLE","businessUintId":"657543443194576896","businessUintName":"核心开发存储空间","dataFieldId":"669498611381305344","dataFieldName":"机构域","clusterType":"CDH"},{"projectName":"财务域模型开发","projectId":"669499189998125056","envId":"669500013042204672","envName":"财务域开发环境","role":"ADMIN","type":"DEV","cycleScheduling":"DISABLE","submitCheck":"DISABLE","downloadQuery":"ENABLE","editJob":"ENABLE","runJob":"ENABLE","submitJob":"ENABLE","businessUintId":"657543443194576896","businessUintName":"核心开发存储空间","dataFieldId":"669488262200426496","dataFieldName":"财务域","clusterType":"CDH"},{"projectName":"再保域模型开发","projectId":"669540045408960512","envId":"669540279086219264","envName":"再保域开发环境","role":"ADMIN","type":"DEV","cycleScheduling":"DISABLE","submitCheck":"ENABLE","downloadQuery":"ENABLE","editJob":"ENABLE","runJob":"ENABLE","submitJob":"ENABLE","businessUintId":"657543443194576896","businessUintName":"核心开发存储空间","dataFieldId":"660121401843253248","dataFieldName":"再保域","clusterType":"CDH"},{"projectName":"客户域模型开发","projectId":"669544231576010752","envId":"669544379244871680","envName":"客户域开发环境","role":"ADMIN","type":"DEV","cycleScheduling":"DISABLE","submitCheck":"DISABLE","downloadQuery":"ENABLE","editJob":"ENABLE","runJob":"ENABLE","submitJob":"ENABLE","businessUintId":"657543443194576896","businessUintName":"核心开发存储空间","dataFieldId":"669543563356274688","dataFieldName":"客户域","clusterType":"CDH"},{"projectName":"系统配置域模型开发","projectId":"669567632545939456","envId":"669567973840650240","envName":"系统配置域开发环境","role":"ADMIN","type":"DEV","cycleScheduling":"DISABLE","submitCheck":"DISABLE","downloadQuery":"ENABLE","editJob":"ENABLE","runJob":"ENABLE","submitJob":"ENABLE","businessUintId":"657543443194576896","businessUintName":"核心开发存储空间","dataFieldId":"669567435174576128","dataFieldName":"系统配置域","clusterType":"CDH"},{"projectName":"监管报送","projectId":"680416668777709568","envId":"680417741324156928","envName":"监管报送开发环境","role":"ADMIN","type":"DEV","cycleScheduling":"DISABLE","submitCheck":"ENABLE","downloadQuery":"ENABLE","editJob":"ENABLE","runJob":"ENABLE","submitJob":"ENABLE","businessUintId":"657543443194576896","businessUintName":"核心开发存储空间","dataFieldId":"680415995805827072","dataFieldName":"监管保送数据域","clusterType":"CDH"},{"projectName":"新农险域模型开发","projectId":"680809261319585792","envId":"680809423555264512","envName":"新农险开发环境","role":"ADMIN","type":"DEV","cycleScheduling":"DISABLE","submitCheck":"DISABLE","downloadQuery":"ENABLE","editJob":"ENABLE","runJob":"ENABLE","submitJob":"ENABLE","businessUintId":"657543443194576896","businessUintName":"核心开发存储空间","dataFieldId":"680809170361909248","dataFieldName":"新农险","clusterType":"CDH"},{"projectName":"业务流程域模型开发","projectId":"681802495118278656","envId":"681802711519199232","envName":"业务流程开发环境","role":"ADMIN","type":"DEV","cycleScheduling":"DISABLE","submitCheck":"DISABLE","downloadQuery":"ENABLE","editJob":"ENABLE","runJob":"ENABLE","submitJob":"ENABLE","businessUintId":"657543443194576896","businessUintName":"核心开发存储空间","dataFieldId":"681802215240761344","dataFieldName":"业务流程域","clusterType":"CDH"},{"projectName":"中台-用户角色其他域模型开发","projectId":"682895993879920640","envId":"682896235052400640","envName":"中台-用户角色其他域开发环境","role":"ADMIN","type":"DEV","cycleScheduling":"DISABLE","submitCheck":"DISABLE","downloadQuery":"ENABLE","editJob":"ENABLE","runJob":"ENABLE","submitJob":"ENABLE","businessUintId":"657543443194576896","businessUintName":"核心开发存储空间","dataFieldId":"682887528574877696","dataFieldName":"中台-用户角色其他","clusterType":"CDH"},{"projectName":"中台-后台管理其他域模型开发","projectId":"682898213014863872","envId":"682898478518501376","envName":"中台-后台管理其他域开发环境","role":"ADMIN","type":"DEV","cycleScheduling":"DISABLE","submitCheck":"ENABLE","downloadQuery":"ENABLE","editJob":"ENABLE","runJob":"ENABLE","submitJob":"ENABLE","businessUintId":"657543443194576896","businessUintName":"核心开发存储空间","dataFieldId":"682887705197019136","dataFieldName":"中台-后台管理其他","clusterType":"CDH"},{"projectName":"中台-出单管理域模型开发","projectId":"682900068184883200","envId":"682901913062080512","envName":"中台-出单管理域开发环境","role":"ADMIN","type":"DEV","cycleScheduling":"DISABLE","submitCheck":"ENABLE","downloadQuery":"ENABLE","editJob":"ENABLE","runJob":"ENABLE","submitJob":"ENABLE","businessUintId":"657543443194576896","businessUintName":"核心开发存储空间","dataFieldId":"682887793805885440","dataFieldName":"中台-出单管理","clusterType":"CDH"},{"projectName":"中台-产品其他域模型开发","projectId":"682902636659212288","envId":"682902781631135744","envName":"中台-产品其他域开发环境","role":"ADMIN","type":"DEV","cycleScheduling":"DISABLE","submitCheck":"ENABLE","downloadQuery":"ENABLE","editJob":"ENABLE","runJob":"ENABLE","submitJob":"ENABLE","businessUintId":"657543443194576896","businessUintName":"核心开发存储空间","dataFieldId":"682887871262097408","dataFieldName":"中台-产品其他","clusterType":"CDH"},{"projectName":"中台-客户信息其他域模型开发","projectId":"682903242018914304","envId":"682903519925108736","envName":"中台-客户信息其他域开发环境","role":"ADMIN","type":"DEV","cycleScheduling":"DISABLE","submitCheck":"ENABLE","downloadQuery":"ENABLE","editJob":"ENABLE","runJob":"ENABLE","submitJob":"ENABLE","businessUintId":"657543443194576896","businessUintName":"核心开发存储空间","dataFieldId":"682888049150918656","dataFieldName":"中台-客户信息其他","clusterType":"CDH"},{"projectName":"中台-接口平台其他域模型开发","projectId":"682903972750557184","envId":"682904146646401024","envName":"中台-接口平台其他域开发环境","role":"ADMIN","type":"DEV","cycleScheduling":"DISABLE","submitCheck":"DISABLE","downloadQuery":"ENABLE","editJob":"ENABLE","runJob":"ENABLE","submitJob":"ENABLE","businessUintId":"657543443194576896","businessUintName":"核心开发存储空间","dataFieldId":"682888121045483520","dataFieldName":"中台-接口平台其他","clusterType":"CDH"},{"projectName":"中台-客户管理其他域模型开发","projectId":"682904898685108224","envId":"682905336268455936","envName":"中台-客户管理其他域开发环境","role":"ADMIN","type":"DEV","cycleScheduling":"DISABLE","submitCheck":"DISABLE","downloadQuery":"ENABLE","editJob":"ENABLE","runJob":"ENABLE","submitJob":"ENABLE","businessUintId":"657543443194576896","businessUintName":"核心开发存储空间","dataFieldId":"682888198963068928","dataFieldName":"中台-客户管理其他","clusterType":"CDH"},{"projectName":"中台-移动查勘其他域模型开发","projectId":"682906020632068096","envId":"682906292985004032","envName":"中台-移动查勘其他域开发环境","role":"ADMIN","type":"DEV","cycleScheduling":"DISABLE","submitCheck":"DISABLE","downloadQuery":"ENABLE","editJob":"ENABLE","runJob":"ENABLE","submitJob":"ENABLE","businessUintId":"657543443194576896","businessUintName":"核心开发存储空间","dataFieldId":"682888282777845760","dataFieldName":"中台-移动查勘其他","clusterType":"CDH"},{"projectName":"农险分析","projectId":"687230996889731072","envId":"687231422448009216","envName":"农险分析环境","role":"ADMIN","type":"DEV","cycleScheduling":"DISABLE","submitCheck":"ENABLE","downloadQuery":"ENABLE","editJob":"ENABLE","runJob":"ENABLE","submitJob":"ENABLE","businessUintId":"657543443194576896","businessUintName":"核心开发存储空间","dataFieldId":"687230892933906432","dataFieldName":"农险分析","clusterType":"CDH"}]}
2025-03-13 09:51:12,167 - log - INFO - 项目名称:农险统计分析项目,项目ID:659865788999532544,环境ID:660123898615955456
2025-03-13 09:51:12,167 - log - INFO - 项目名称:保单域模型开发,项目ID:660489178949091328,环境ID:660489357961986048
2025-03-13 09:51:12,167 - log - INFO - 项目名称:理赔域模型开发,项目ID:664105169524359168,环境ID:664110609901551616
2025-03-13 09:51:12,167 - log - INFO - 项目名称:收付域模型开发,项目ID:665558091214880768,环境ID:665558589229760512
2025-03-13 09:51:12,167 - log - INFO - 项目名称:产品域模型开发,项目ID:667309876069793792,环境ID:667310114419507200
2025-03-13 09:51:12,167 - log - INFO - 项目名称:公共域模型开发,项目ID:667309925382225920,环境ID:667310350181335040
2025-03-13 09:51:12,167 - log - INFO - 项目名称:销管域模型开发,项目ID:669492845551288320,环境ID:669492992658112512
2025-03-13 09:51:12,167 - log - INFO - 项目名称:机构域模型开发,项目ID:669499243865571328,环境ID:669499579246313472
2025-03-13 09:51:12,167 - log - INFO - 项目名称:财务域模型开发,项目ID:669499189998125056,环境ID:669500013042204672
2025-03-13 09:51:12,167 - log - INFO - 项目名称:再保域模型开发,项目ID:669540045408960512,环境ID:669540279086219264
2025-03-13 09:51:12,167 - log - INFO - 项目名称:客户域模型开发,项目ID:669544231576010752,环境ID:669544379244871680
2025-03-13 09:51:12,167 - log - INFO - 项目名称:系统配置域模型开发,项目ID:669567632545939456,环境ID:669567973840650240
2025-03-13 09:51:12,167 - log - INFO - 项目名称:监管报送,项目ID:680416668777709568,环境ID:680417741324156928
2025-03-13 09:51:12,167 - log - INFO - 项目名称:新农险域模型开发,项目ID:680809261319585792,环境ID:680809423555264512
2025-03-13 09:51:12,167 - log - INFO - 项目名称:业务流程域模型开发,项目ID:681802495118278656,环境ID:681802711519199232
2025-03-13 09:51:12,167 - log - INFO - 项目名称:中台-用户角色其他域模型开发,项目ID:682895993879920640,环境ID:682896235052400640
2025-03-13 09:51:12,167 - log - INFO - 项目名称:中台-后台管理其他域模型开发,项目ID:682898213014863872,环境ID:682898478518501376
2025-03-13 09:51:12,167 - log - INFO - 项目名称:中台-出单管理域模型开发,项目ID:682900068184883200,环境ID:682901913062080512
2025-03-13 09:51:12,167 - log - INFO - 项目名称:中台-产品其他域模型开发,项目ID:682902636659212288,环境ID:682902781631135744
2025-03-13 09:51:12,167 - log - INFO - 项目名称:中台-客户信息其他域模型开发,项目ID:682903242018914304,环境ID:682903519925108736
2025-03-13 09:51:12,167 - log - INFO - 项目名称:中台-接口平台其他域模型开发,项目ID:682903972750557184,环境ID:682904146646401024
2025-03-13 09:51:12,167 - log - INFO - 项目名称:中台-客户管理其他域模型开发,项目ID:682904898685108224,环境ID:682905336268455936
2025-03-13 09:51:12,167 - log - INFO - 项目名称:中台-移动查勘其他域模型开发,项目ID:682906020632068096,环境ID:682906292985004032
2025-03-13 09:51:12,167 - log - INFO - 项目名称:农险分析,项目ID:687230996889731072,环境ID:687231422448009216
2025-03-13 09:51:12,168 - log - INFO - 查询项目成功
2025-03-13 09:51:12,168 - log - INFO - http://10.1.8.17:30104/dehoop-admin/daq/datalayer/queryDatalayers?timestamp=1741830672
2025-03-13 09:51:12,168 - log - INFO - -------------------------获取数据分层接口-------------------------
2025-03-13 09:51:12,168 - log - INFO - 请求发送中...
2025-03-13 09:51:12,168 - log - DEBUG - 头请求内容：
 {'dehooptoken': 'eyJ0eXAiOiJKV1QiLCJhbGciOiJIUzUxMiJ9.eyJkZWhvb3B1c2VyaWQiOiI2NTcyNTM5NTk3NjQ4MDM1ODQiLCJ0ZW5hbnRpZCI6IjY1NjYwOTExODM5OTc1ODMzNiIsImV4cCI6MTc0MjA4OTg1MCwiaWF0IjoxNzQxODMwNjUwfQ.8iOFa4PjrnBUD1pjh1Y7zMVPKS-25mrpawkk-tOgHbe2N1vp0TR7aZkyLUZc8Ri9BlGGEOpSQ1cWBLXOAQbQmA', 'tenantid': '656609118399758336', 'projectid': '660489178949091328', 'connection': 'keep-alive', 'content-type': 'application/json'}
2025-03-13 09:51:12,168 - log - DEBUG - 请求体内容：
 {'projectId': '660489178949091328'}
2025-03-13 09:51:12,168 - urllib3.connectionpool - DEBUG - Starting new HTTP connection (1): 10.1.8.17:30104
2025-03-13 09:51:12,236 - urllib3.connectionpool - DEBUG - http://10.1.8.17:30104 "GET /dehoop-admin/daq/datalayer/queryDatalayers?timestamp=1741830672&projectId=660489178949091328 HTTP/1.1" 200 None
2025-03-13 09:51:12,251 - log - INFO - 返回状态码:  200
2025-03-13 09:51:12,251 - log - DEBUG - 返回结果: 
 {"code":"ok","bizCode":null,"message":"查询成功","interval":null,"data":[{"id":"660489179028783104","engName":"Operational Data Store","engSimpleName":"ODS","name":"数据引入层","descr":"用于接收并处理需要存储至数据仓库系统的原始数据，结构上与源系统保持一致。","directorName":"柳彬","director":"657253959764803584","directorAvatarUrl":null,"lastUpdateDate":"2024-12-27 14:28:12","creationDate":"2024-12-27 14:28:12","lastUpdatedBy":"100563950021205032123","lastUpdaterName":null,"createdBy":"100563950021205032123","creatorName":"开发测试"},{"id":"660489179028783105","engName":"Data Warehouse Detail","engSimpleName":"DWD","name":"明细数据层","descr":"以业务过程为建模驱动，基于具体业务事件的特点，构建最细粒度的明细数据表。","directorName":"柳彬","director":"657253959764803584","directorAvatarUrl":null,"lastUpdateDate":"2024-12-27 14:28:12","creationDate":"2024-12-27 14:28:12","lastUpdatedBy":"100563950021205032123","lastUpdaterName":null,"createdBy":"100563950021205032123","creatorName":"开发测试"},{"id":"660489179028783106","engName":"Data Warehouse Summary","engSimpleName":"DWS","name":"汇总数据层","descr":"通过分析的主题对象构建数据模型，基于上层的应用和产品的指标需求，构建公共粒度的汇总指标事实表。","directorName":"柳彬","director":"657253959764803584","directorAvatarUrl":null,"lastUpdateDate":"2024-12-27 14:28:12","creationDate":"2024-12-27 14:28:12","lastUpdatedBy":"100563950021205032123","lastUpdaterName":null,"createdBy":"100563950021205032123","creatorName":"开发测试"},{"id":"660489179028783107","engName":"Application Data Service","engSimpleName":"ADS","name":"应用数据层","descr":"用于存放数据产品个性化的统计指标数据，输出各种报表。","directorName":"柳彬","director":"657253959764803584","directorAvatarUrl":null,"lastUpdateDate":"2024-12-27 14:28:12","creationDate":"2024-12-27 14:28:12","lastUpdatedBy":"100563950021205032123","lastUpdaterName":null,"createdBy":"100563950021205032123","creatorName":"开发测试"},{"id":"660489179028783108","engName":"Dimension","engSimpleName":"DIM","name":"公共维度层","descr":"基于维度建模理念思想，建立整个企业的一致性维度。","directorName":"柳彬","director":"657253959764803584","directorAvatarUrl":null,"lastUpdateDate":"2024-12-27 14:28:12","creationDate":"2024-12-27 14:28:12","lastUpdatedBy":"100563950021205032123","lastUpdaterName":null,"createdBy":"100563950021205032123","creatorName":"开发测试"},{"id":"660492517774458880","engName":"Staging Layer","engSimpleName":"STG","name":"增量层","descr":"用于存数据源同步过来的增量数据，并执行简单的数据清理的分层。","directorName":"柳彬","director":"657253959764803584","directorAvatarUrl":null,"lastUpdateDate":"2024-12-27 14:44:58","creationDate":"2024-12-27 14:41:28","lastUpdatedBy":"657253959764803584","lastUpdaterName":null,"createdBy":"657253959764803584","creatorName":"柳彬"}]}
2025-03-13 09:51:12,251 - log - INFO - http://10.1.8.17:30104/dehoop-admin/pro/env/query?timestamp=1741830672
2025-03-13 09:51:12,251 - log - INFO - -------------------------获取存储空间域接口-------------------------
2025-03-13 09:51:12,252 - log - INFO - 请求发送中...
2025-03-13 09:51:12,252 - log - DEBUG - 头请求内容：
 {'dehooptoken': 'eyJ0eXAiOiJKV1QiLCJhbGciOiJIUzUxMiJ9.eyJkZWhvb3B1c2VyaWQiOiI2NTcyNTM5NTk3NjQ4MDM1ODQiLCJ0ZW5hbnRpZCI6IjY1NjYwOTExODM5OTc1ODMzNiIsImV4cCI6MTc0MjA4OTg1MCwiaWF0IjoxNzQxODMwNjUwfQ.8iOFa4PjrnBUD1pjh1Y7zMVPKS-25mrpawkk-tOgHbe2N1vp0TR7aZkyLUZc8Ri9BlGGEOpSQ1cWBLXOAQbQmA', 'tenantid': '656609118399758336', 'projectid': '660489178949091328', 'connection': 'keep-alive', 'content-type': 'application/json'}
2025-03-13 09:51:12,252 - log - DEBUG - 请求体内容：
 {'projectId': '660489178949091328'}
2025-03-13 09:51:12,253 - urllib3.connectionpool - DEBUG - Starting new HTTP connection (1): 10.1.8.17:30104
2025-03-13 09:51:12,326 - urllib3.connectionpool - DEBUG - http://10.1.8.17:30104 "POST /dehoop-admin/pro/env/query?timestamp=1741830672 HTTP/1.1" 200 None
2025-03-13 09:51:12,346 - log - INFO - 返回状态码:  200
2025-03-13 09:51:12,347 - log - DEBUG - 返回结果: 
 {"code":"ok","bizCode":null,"message":"查询成功","interval":null,"data":[{"id":"660489357961986048","projectId":"660489178949091328","name":"保单域开发","databaseName":null,"descr":"保单域开发环境。","schedulingQueue":"default","resFilePath":"/Define_ResourceFile/Gu_Dev","maxQueryCount":5000,"maxFileSize":50,"type":"DEV","cycleScheduling":"DISABLE","submitCheck":"DISABLE","downloadQuery":"ENABLE","editJob":"ENABLE","runJob":"ENABLE","submitJob":"ENABLE","calInfo":null,"createdBy":"657253959764803584","lastUpdatedBy":"657253959764803584","creationDate":"2024-12-27 14:28:54","lastUpdateDate":"2024-12-31 09:41:13","objectVersionNumber":2,"tenantId":"656609118399758336","calEngineEntity":{"createdBy":"656608967870382080","lastUpdatedBy":"657514456003117056","creationDate":"2024-12-16 21:53:09","lastUpdateDate":"2025-01-17 17:17:13","objectVersionNumber":2,"tenantId":"656609118399758336","id":"656614888105312256","name":"默认计算引擎","clusterName":"dehoop","host":"10.1.8.12","port":"30107","dorisHttpPort":null,"ip":"10.1.8.12","username":"admin","password":"CC2/vU3qjlJy/iXN5qpcBQ==","path":"[\"/data\"]","creator":"656608967870382080","engineInfo":null,"dorisConf":null,"sftpConf":"{\"type\":\"SFTP\",\"maxTotal\":16,\"host\":\"10.1.8.12\",\"port\":\"22\",\"auth\":\"password\",\"keys\":\"\",\"keysFile\":\"\",\"username\":\"dcloud\",\"passwd\":\"Rf2fzRbO2iWBlIIeFUeSsQ==\"}","yarnConf":"{\"configs\":{\"hadoop.ssl.require.client.cert\":\"false\",\"yarn.resourcemanager.address\":\"dehoop-cdh1:8032\",\"yarn.resourcemanager.resource-tracker.client.thread-count\":\"50\",\"yarn.application.classpath\":\"$HADOOP_CLIENT_CONF_DIR,$HADOOP_COMMON_HOME/*,$HADOOP_COMMON_HOME/lib/*,$HADOOP_HDFS_HOME/*,$HADOOP_HDFS_HOME/lib/*,$HADOOP_YARN_HOME/*,$HADOOP_YARN_HOME/lib/*\",\"yarn.admin.acl\":\"*\",\"yarn.scheduler.increment-allocation-vcores\":\"1\",\"hadoop.security.auth_to_local\":\"DEFAULT\",\"yarn.nodemanager.remote-app-log-dir-suffix\":\"logs\",\"yarn.resourcemanager.webapp.address\":\"dehoop-cdh1:30128\",\"yarn.acl.enable\":\"true\",\"yarn.scheduler.maximum-allocation-vcores\":\"4\",\"hadoop.security.authorization\":\"false\",\"yarn.nm.liveness-monitor.expiry-interval-ms\":\"600000\",\"hadoop.proxyuser.HTTP.hosts\":\"*\",\"yarn.am.liveness-monitor.expiry-interval-ms\":\"600000\",\"hadoop.proxyuser.httpfs.groups\":\"*\",\"hadoop.proxyuser.httpfs.hosts\":\"*\",\"yarn.resourcemanager.client.thread-count\":\"50\",\"hadoop.security.authentication\":\"simple\",\"hadoop.proxyuser.hdfs.hosts\":\"*\",\"hadoop.proxyuser.hue.hosts\":\"*\",\"hadoop.proxyuser.yarn.groups\":\"*\",\"yarn.resourcemanager.am.max-attempts\":\"2\",\"yarn.resourcemanager.max-completed-applications\":\"10000\",\"yarn.scheduler.increment-allocation-mb\":\"512\",\"yarn.resourcemanager.nm.liveness-monitor.interval-ms\":\"1000\",\"hadoop.proxyuser.hue.groups\":\"*\",\"hadoop.security.group.mapping\":\"org.apache.hadoop.security.ShellBasedUnixGroupsMapping\",\"net.topology.script.file.name\":\"/etc/hadoop/conf.cloudera.yarn/topology.py\",\"io.compression.codecs\":\"org.apache.hadoop.io.compress.DefaultCodec,org.apache.hadoop.io.compress.GzipCodec,org.apache.hadoop.io.compress.BZip2Codec,org.apache.hadoop.io.compress.DeflateCodec,org.apache.hadoop.io.compress.SnappyCodec,org.apache.hadoop.io.compress.Lz4Codec\",\"hadoop.ssl.keystores.factory.class\":\"org.apache.hadoop.security.ssl.FileBasedKeyStoresFactory\",\"hadoop.proxyuser.hive.groups\":\"*\",\"fs.defaultFS\":\"hdfs://dehoop-cdh1:8020\",\"hadoop.ssl.client.conf\":\"ssl-client.xml\",\"yarn.resourcemanager.admin.address\":\"dehoop-cdh1:8033\",\"yarn.resourcemanager.resource-tracker.address\":\"dehoop-cdh1:8031\",\"yarn.resourcemanager.scheduler.client.thread-count\":\"50\",\"hadoop.proxyuser.flume.hosts\":\"*\",\"hadoop.ssl.enabled\":\"false\",\"hadoop.proxyuser.hdfs.groups\":\"*\",\"fs.trash.interval\":\"1\",\"hadoop.ssl.server.conf\":\"ssl-server.xml\",\"yarn.scheduler.minimum-allocation-mb\":\"2048\",\"yarn.scheduler.minimum-allocation-vcores\":\"1\",\"yarn.resourcemanager.admin.client.thread-count\":\"1\",\"hadoop.proxyuser.hive.hosts\":\"*\",\"yarn.resourcemanager.scheduler.class\":\"org.apache.hadoop.yarn.server.resourcemanager.scheduler.fair.FairScheduler\",\"yarn.resourcemanager.amliveliness-monitor.interval-ms\":\"1000\",\"hadoop.security.instrumentation.requires.admin\":\"false\",\"yarn.nodemanager.remote-app-log-dir\":\"/tmp/logs\",\"yarn.scheduler.maximum-allocation-mb\":\"4096\",\"io.file.buffer.size\":\"65536\",\"yarn.resourcemanager.container.liveness-monitor.interval-ms\":\"600000\",\"yarn.scheduler.capacity.resource-calculator\":\"org.apache.hadoop.yarn.util.resource.DefaultResourceCalculator\",\"hadoop.proxyuser.oozie.hosts\":\"*\",\"yarn.resourcemanager.webapp.https.address\":\"dehoop-cdh1:8090\",\"hadoop.rpc.protection\":\"authentication\",\"hadoop.proxyuser.oozie.groups\":\"*\",\"yarn.resourcemanager.scheduler.address\":\"dehoop-cdh1:8030\",\"hadoop.proxyuser.yarn.hosts\":\"*\",\"hadoop.proxyuser.flume.groups\":\"*\",\"hadoop.proxyuser.HTTP.groups\":\"*\"},\"configFileId\":\"656615790706950144\",\"configFileName\":\"yarn-site.zip\",\"type\":\"YARN\"}","hdfsConf":"{\"configs\":{\"fs.defaultFS\":\"hdfs://dehoop-cdh1:8020\",\"hadoop.ssl.require.client.cert\":\"false\",\"dfs.client.read.shortcircuit.skip.checksum\":\"false\",\"dfs.client.block.write.locateFollowingBlock.retries\":\"7\",\"hadoop.ssl.client.conf\":\"ssl-client.xml\",\"dfs.replication\":\"3\",\"hadoop.security.auth_to_local\":\"DEFAULT\",\"hadoop.proxyuser.flume.hosts\":\"*\",\"dfs.domain.socket.path\":\"/var/run/hdfs-sockets/dn\",\"dfs.https.port\":\"9871\",\"hadoop.ssl.enabled\":\"false\",\"dfs.client.read.shortcircuit\":\"false\",\"hadoop.proxyuser.hdfs.groups\":\"*\",\"dfs.namenode.name.dir\":\"file:///data/dfs/nn\",\"dfs.namenode.http-address\":\"dehoop-cdh1:9870\",\"dfs.client.use.datanode.hostname\":\"false\",\"dfs.datanode.hdfs-blocks-metadata.enabled\":\"true\",\"fs.trash.interval\":\"1\",\"hadoop.security.authorization\":\"false\",\"hadoop.ssl.server.conf\":\"ssl-server.xml\",\"dfs.client.domain.socket.data.traffic\":\"false\",\"hadoop.proxyuser.HTTP.hosts\":\"*\",\"dfs.https.address\":\"dehoop-cdh1:9871\",\"hadoop.proxyuser.hive.hosts\":\"*\",\"hadoop.proxyuser.httpfs.groups\":\"*\",\"dfs.blocksize\":\"134217728\",\"hadoop.proxyuser.httpfs.hosts\":\"*\",\"hadoop.security.authentication\":\"simple\",\"hadoop.proxyuser.hdfs.hosts\":\"*\",\"hadoop.security.instrumentation.requires.admin\":\"false\",\"hadoop.proxyuser.hue.hosts\":\"*\",\"hadoop.proxyuser.yarn.groups\":\"*\",\"io.file.buffer.size\":\"65536\",\"dfs.namenode.acls.enabled\":\"false\",\"hadoop.proxyuser.oozie.hosts\":\"*\",\"hadoop.rpc.protection\":\"authentication\",\"fs.permissions.umask-mode\":\"022\",\"hadoop.proxyuser.oozie.groups\":\"*\",\"hadoop.proxyuser.hue.groups\":\"*\",\"hadoop.security.group.mapping\":\"org.apache.hadoop.security.ShellBasedUnixGroupsMapping\",\"net.topology.script.file.name\":\"/etc/hadoop/conf.cloudera.yarn/topology.py\",\"io.compression.codecs\":\"org.apache.hadoop.io.compress.DefaultCodec,org.apache.hadoop.io.compress.GzipCodec,org.apache.hadoop.io.compress.BZip2Codec,org.apache.hadoop.io.compress.DeflateCodec,org.apache.hadoop.io.compress.SnappyCodec,org.apache.hadoop.io.compress.Lz4Codec\",\"hadoop.ssl.keystores.factory.class\":\"org.apache.hadoop.security.ssl.FileBasedKeyStoresFactory\",\"hadoop.proxyuser.hive.groups\":\"*\",\"hadoop.proxyuser.yarn.hosts\":\"*\",\"dfs.namenode.servicerpc-address\":\"dehoop-cdh1:8022\",\"hadoop.proxyuser.flume.groups\":\"*\",\"hadoop.proxyuser.HTTP.groups\":\"*\"},\"configFileId\":\"656616313430474752\",\"configFileName\":\"hdfs-site.zip\",\"type\":\"HDFS\"}","flinkConf":"{\"perjobConfigs\":{},\"deployMode\":\"perjob\",\"sessionConfigs\":{},\"type\":\"Flink\",\"version\":\"1.12.7\"}","ossConf":null,"s3Conf":null,"sparkConf":"{\"sparkModel\":\"LOCAL\",\"port\":\"30105\",\"host\":\"10.1.8.12\",\"type\":\"Spark\",\"version\":\"2.4.0\"}","hiveServerConf":"{\"jdbcUrl\":\"jdbc:hive2://10.1.8.12:30115\",\"type\":\"HiveServer\",\"version\":\"2.1.0\",\"username\":\"dcloud\"}","isDefault":"ENABLE","clusterType":"CDH"},"businessUnit":{"createdBy":"657253959764803584","lastUpdatedBy":"657253959764803584","creationDate":"2024-12-19 11:22:53","lastUpdateDate":"2024-12-19 11:22:53","objectVersionNumber":1,"tenantId":"656609118399758336","id":"657543443194576896","name":"核心开发存储空间","calId":"656614888105312256","databaseName":"hhbx_dev","adminId":"657253959764803584","icon":"userInfo","descr":null,"state":"ENABLE","environmentType":"DEV","otherTenantId":null,"platformType":"DEHOOP"}},{"id":"660489525885140992","projectId":"660489178949091328","name":"保单域生产","databaseName":null,"descr":"保单域生产环境。","schedulingQueue":"default","resFilePath":"/Define_ResourceFile/Gu_Prod","maxQueryCount":5000,"maxFileSize":50,"type":"PROD","cycleScheduling":"ENABLE","submitCheck":"DISABLE","downloadQuery":"ENABLE","editJob":"DISABLE","runJob":"ENABLE","submitJob":"ENABLE","calInfo":null,"createdBy":"657253959764803584","lastUpdatedBy":"657253959764803584","creationDate":"2024-12-27 14:29:34","lastUpdateDate":"2024-12-27 14:29:34","objectVersionNumber":1,"tenantId":"656609118399758336","calEngineEntity":{"createdBy":"656608967870382080","lastUpdatedBy":"657514456003117056","creationDate":"2024-12-16 21:53:09","lastUpdateDate":"2025-01-17 17:17:13","objectVersionNumber":2,"tenantId":"656609118399758336","id":"656614888105312256","name":"默认计算引擎","clusterName":"dehoop","host":"10.1.8.12","port":"30107","dorisHttpPort":null,"ip":"10.1.8.12","username":"admin","password":"CC2/vU3qjlJy/iXN5qpcBQ==","path":"[\"/data\"]","creator":"656608967870382080","engineInfo":null,"dorisConf":null,"sftpConf":"{\"type\":\"SFTP\",\"maxTotal\":16,\"host\":\"10.1.8.12\",\"port\":\"22\",\"auth\":\"password\",\"keys\":\"\",\"keysFile\":\"\",\"username\":\"dcloud\",\"passwd\":\"Rf2fzRbO2iWBlIIeFUeSsQ==\"}","yarnConf":"{\"configs\":{\"hadoop.ssl.require.client.cert\":\"false\",\"yarn.resourcemanager.address\":\"dehoop-cdh1:8032\",\"yarn.resourcemanager.resource-tracker.client.thread-count\":\"50\",\"yarn.application.classpath\":\"$HADOOP_CLIENT_CONF_DIR,$HADOOP_COMMON_HOME/*,$HADOOP_COMMON_HOME/lib/*,$HADOOP_HDFS_HOME/*,$HADOOP_HDFS_HOME/lib/*,$HADOOP_YARN_HOME/*,$HADOOP_YARN_HOME/lib/*\",\"yarn.admin.acl\":\"*\",\"yarn.scheduler.increment-allocation-vcores\":\"1\",\"hadoop.security.auth_to_local\":\"DEFAULT\",\"yarn.nodemanager.remote-app-log-dir-suffix\":\"logs\",\"yarn.resourcemanager.webapp.address\":\"dehoop-cdh1:30128\",\"yarn.acl.enable\":\"true\",\"yarn.scheduler.maximum-allocation-vcores\":\"4\",\"hadoop.security.authorization\":\"false\",\"yarn.nm.liveness-monitor.expiry-interval-ms\":\"600000\",\"hadoop.proxyuser.HTTP.hosts\":\"*\",\"yarn.am.liveness-monitor.expiry-interval-ms\":\"600000\",\"hadoop.proxyuser.httpfs.groups\":\"*\",\"hadoop.proxyuser.httpfs.hosts\":\"*\",\"yarn.resourcemanager.client.thread-count\":\"50\",\"hadoop.security.authentication\":\"simple\",\"hadoop.proxyuser.hdfs.hosts\":\"*\",\"hadoop.proxyuser.hue.hosts\":\"*\",\"hadoop.proxyuser.yarn.groups\":\"*\",\"yarn.resourcemanager.am.max-attempts\":\"2\",\"yarn.resourcemanager.max-completed-applications\":\"10000\",\"yarn.scheduler.increment-allocation-mb\":\"512\",\"yarn.resourcemanager.nm.liveness-monitor.interval-ms\":\"1000\",\"hadoop.proxyuser.hue.groups\":\"*\",\"hadoop.security.group.mapping\":\"org.apache.hadoop.security.ShellBasedUnixGroupsMapping\",\"net.topology.script.file.name\":\"/etc/hadoop/conf.cloudera.yarn/topology.py\",\"io.compression.codecs\":\"org.apache.hadoop.io.compress.DefaultCodec,org.apache.hadoop.io.compress.GzipCodec,org.apache.hadoop.io.compress.BZip2Codec,org.apache.hadoop.io.compress.DeflateCodec,org.apache.hadoop.io.compress.SnappyCodec,org.apache.hadoop.io.compress.Lz4Codec\",\"hadoop.ssl.keystores.factory.class\":\"org.apache.hadoop.security.ssl.FileBasedKeyStoresFactory\",\"hadoop.proxyuser.hive.groups\":\"*\",\"fs.defaultFS\":\"hdfs://dehoop-cdh1:8020\",\"hadoop.ssl.client.conf\":\"ssl-client.xml\",\"yarn.resourcemanager.admin.address\":\"dehoop-cdh1:8033\",\"yarn.resourcemanager.resource-tracker.address\":\"dehoop-cdh1:8031\",\"yarn.resourcemanager.scheduler.client.thread-count\":\"50\",\"hadoop.proxyuser.flume.hosts\":\"*\",\"hadoop.ssl.enabled\":\"false\",\"hadoop.proxyuser.hdfs.groups\":\"*\",\"fs.trash.interval\":\"1\",\"hadoop.ssl.server.conf\":\"ssl-server.xml\",\"yarn.scheduler.minimum-allocation-mb\":\"2048\",\"yarn.scheduler.minimum-allocation-vcores\":\"1\",\"yarn.resourcemanager.admin.client.thread-count\":\"1\",\"hadoop.proxyuser.hive.hosts\":\"*\",\"yarn.resourcemanager.scheduler.class\":\"org.apache.hadoop.yarn.server.resourcemanager.scheduler.fair.FairScheduler\",\"yarn.resourcemanager.amliveliness-monitor.interval-ms\":\"1000\",\"hadoop.security.instrumentation.requires.admin\":\"false\",\"yarn.nodemanager.remote-app-log-dir\":\"/tmp/logs\",\"yarn.scheduler.maximum-allocation-mb\":\"4096\",\"io.file.buffer.size\":\"65536\",\"yarn.resourcemanager.container.liveness-monitor.interval-ms\":\"600000\",\"yarn.scheduler.capacity.resource-calculator\":\"org.apache.hadoop.yarn.util.resource.DefaultResourceCalculator\",\"hadoop.proxyuser.oozie.hosts\":\"*\",\"yarn.resourcemanager.webapp.https.address\":\"dehoop-cdh1:8090\",\"hadoop.rpc.protection\":\"authentication\",\"hadoop.proxyuser.oozie.groups\":\"*\",\"yarn.resourcemanager.scheduler.address\":\"dehoop-cdh1:8030\",\"hadoop.proxyuser.yarn.hosts\":\"*\",\"hadoop.proxyuser.flume.groups\":\"*\",\"hadoop.proxyuser.HTTP.groups\":\"*\"},\"configFileId\":\"656615790706950144\",\"configFileName\":\"yarn-site.zip\",\"type\":\"YARN\"}","hdfsConf":"{\"configs\":{\"fs.defaultFS\":\"hdfs://dehoop-cdh1:8020\",\"hadoop.ssl.require.client.cert\":\"false\",\"dfs.client.read.shortcircuit.skip.checksum\":\"false\",\"dfs.client.block.write.locateFollowingBlock.retries\":\"7\",\"hadoop.ssl.client.conf\":\"ssl-client.xml\",\"dfs.replication\":\"3\",\"hadoop.security.auth_to_local\":\"DEFAULT\",\"hadoop.proxyuser.flume.hosts\":\"*\",\"dfs.domain.socket.path\":\"/var/run/hdfs-sockets/dn\",\"dfs.https.port\":\"9871\",\"hadoop.ssl.enabled\":\"false\",\"dfs.client.read.shortcircuit\":\"false\",\"hadoop.proxyuser.hdfs.groups\":\"*\",\"dfs.namenode.name.dir\":\"file:///data/dfs/nn\",\"dfs.namenode.http-address\":\"dehoop-cdh1:9870\",\"dfs.client.use.datanode.hostname\":\"false\",\"dfs.datanode.hdfs-blocks-metadata.enabled\":\"true\",\"fs.trash.interval\":\"1\",\"hadoop.security.authorization\":\"false\",\"hadoop.ssl.server.conf\":\"ssl-server.xml\",\"dfs.client.domain.socket.data.traffic\":\"false\",\"hadoop.proxyuser.HTTP.hosts\":\"*\",\"dfs.https.address\":\"dehoop-cdh1:9871\",\"hadoop.proxyuser.hive.hosts\":\"*\",\"hadoop.proxyuser.httpfs.groups\":\"*\",\"dfs.blocksize\":\"134217728\",\"hadoop.proxyuser.httpfs.hosts\":\"*\",\"hadoop.security.authentication\":\"simple\",\"hadoop.proxyuser.hdfs.hosts\":\"*\",\"hadoop.security.instrumentation.requires.admin\":\"false\",\"hadoop.proxyuser.hue.hosts\":\"*\",\"hadoop.proxyuser.yarn.groups\":\"*\",\"io.file.buffer.size\":\"65536\",\"dfs.namenode.acls.enabled\":\"false\",\"hadoop.proxyuser.oozie.hosts\":\"*\",\"hadoop.rpc.protection\":\"authentication\",\"fs.permissions.umask-mode\":\"022\",\"hadoop.proxyuser.oozie.groups\":\"*\",\"hadoop.proxyuser.hue.groups\":\"*\",\"hadoop.security.group.mapping\":\"org.apache.hadoop.security.ShellBasedUnixGroupsMapping\",\"net.topology.script.file.name\":\"/etc/hadoop/conf.cloudera.yarn/topology.py\",\"io.compression.codecs\":\"org.apache.hadoop.io.compress.DefaultCodec,org.apache.hadoop.io.compress.GzipCodec,org.apache.hadoop.io.compress.BZip2Codec,org.apache.hadoop.io.compress.DeflateCodec,org.apache.hadoop.io.compress.SnappyCodec,org.apache.hadoop.io.compress.Lz4Codec\",\"hadoop.ssl.keystores.factory.class\":\"org.apache.hadoop.security.ssl.FileBasedKeyStoresFactory\",\"hadoop.proxyuser.hive.groups\":\"*\",\"hadoop.proxyuser.yarn.hosts\":\"*\",\"dfs.namenode.servicerpc-address\":\"dehoop-cdh1:8022\",\"hadoop.proxyuser.flume.groups\":\"*\",\"hadoop.proxyuser.HTTP.groups\":\"*\"},\"configFileId\":\"656616313430474752\",\"configFileName\":\"hdfs-site.zip\",\"type\":\"HDFS\"}","flinkConf":"{\"perjobConfigs\":{},\"deployMode\":\"perjob\",\"sessionConfigs\":{},\"type\":\"Flink\",\"version\":\"1.12.7\"}","ossConf":null,"s3Conf":null,"sparkConf":"{\"sparkModel\":\"LOCAL\",\"port\":\"30105\",\"host\":\"10.1.8.12\",\"type\":\"Spark\",\"version\":\"2.4.0\"}","hiveServerConf":"{\"jdbcUrl\":\"jdbc:hive2://10.1.8.12:30115\",\"type\":\"HiveServer\",\"version\":\"2.1.0\",\"username\":\"dcloud\"}","isDefault":"ENABLE","clusterType":"CDH"},"businessUnit":{"createdBy":"657253959764803584","lastUpdatedBy":"657253959764803584","creationDate":"2024-12-19 11:24:44","lastUpdateDate":"2024-12-19 11:24:44","objectVersionNumber":1,"tenantId":"656609118399758336","id":"657543906887467008","name":"核心生产存储空间","calId":"656614888105312256","databaseName":"hbbx_prod","adminId":"657253959764803584","icon":"userInfo","descr":null,"state":"ENABLE","environmentType":"PROD","otherTenantId":null,"platformType":"DEHOOP"}}]}
2025-03-13 09:51:12,347 - log - INFO - http://10.1.8.17:30104/dehoop-admin/businessProcess/queryBusinessProcess?timestamp=1741830672
2025-03-13 09:51:12,347 - log - INFO - -------------------------获取业务过程接口-------------------------
2025-03-13 09:51:12,347 - log - INFO - 请求发送中...
2025-03-13 09:51:12,347 - log - DEBUG - 头请求内容：
 {'dehooptoken': 'eyJ0eXAiOiJKV1QiLCJhbGciOiJIUzUxMiJ9.eyJkZWhvb3B1c2VyaWQiOiI2NTcyNTM5NTk3NjQ4MDM1ODQiLCJ0ZW5hbnRpZCI6IjY1NjYwOTExODM5OTc1ODMzNiIsImV4cCI6MTc0MjA4OTg1MCwiaWF0IjoxNzQxODMwNjUwfQ.8iOFa4PjrnBUD1pjh1Y7zMVPKS-25mrpawkk-tOgHbe2N1vp0TR7aZkyLUZc8Ri9BlGGEOpSQ1cWBLXOAQbQmA', 'tenantid': '656609118399758336', 'projectid': '660489178949091328', 'connection': 'keep-alive', 'content-type': 'application/json'}
2025-03-13 09:51:12,347 - log - DEBUG - 请求体内容：
 {'dataField': '657541517455392768'}
2025-03-13 09:51:12,348 - urllib3.connectionpool - DEBUG - Starting new HTTP connection (1): 10.1.8.17:30104
2025-03-13 09:51:12,390 - urllib3.connectionpool - DEBUG - http://10.1.8.17:30104 "POST /dehoop-admin/businessProcess/queryBusinessProcess?timestamp=1741830672 HTTP/1.1" 200 None
2025-03-13 09:51:12,405 - log - INFO - 返回状态码:  200
2025-03-13 09:51:12,405 - log - DEBUG - 返回结果: 
 {"bizCode":null,"code":"ok","message":"查询成功","total":7,"table":[{"parentNodeId":"657541517455392768","childNodeList":null,"nodeId":"687654252297846784","nodeName":"承保-轨迹","id":"687654252297846784","nameEn":"coverCopy","nameCn":"承保-轨迹","nameEnAbbr":"COP","director":"657253959764803584","descr":"","createdBy":null,"lastUpdatedBy":null,"creationDate":"2025-03-12 13:32:30","lastUpdateDate":"2025-03-12 13:32:30","userName":"柳彬","dataField":"657541517455392768","dataFieldNameCn":"承保-轨迹","dataFieldNameEn":"coverCopy","dataFieldNameEnAbbr":"COP","modelingDataFieldDto":null,"directorName":null,"directorAvatar":null,"createdByName":null,"lastUpdatedByName":null,"avatarUrl":"","page":null,"pageSize":null,"searchWord":null,"nodeType":"BUSINESS_PROCESS"},{"parentNodeId":"657541517455392768","childNodeList":null,"nodeId":"675700667070808064","nodeName":"续保","id":"675700667070808064","nameEn":"Renewal","nameCn":"续保","nameEnAbbr":"RN","director":"657253959764803584","descr":"","createdBy":null,"lastUpdatedBy":null,"creationDate":"2025-02-07 13:53:13","lastUpdateDate":"2025-02-07 13:53:13","userName":"柳彬","dataField":"657541517455392768","dataFieldNameCn":"续保","dataFieldNameEn":"Renewal","dataFieldNameEnAbbr":"RN","modelingDataFieldDto":null,"directorName":null,"directorAvatar":null,"createdByName":null,"lastUpdatedByName":null,"avatarUrl":"","page":null,"pageSize":null,"searchWord":null,"nodeType":"BUSINESS_PROCESS"},{"parentNodeId":"657541517455392768","childNodeList":null,"nodeId":"675698415027355648","nodeName":"报价","id":"675698415027355648","nameEn":"quotation","nameCn":"报价","nameEnAbbr":"QUO","director":"657253959764803584","descr":"","createdBy":null,"lastUpdatedBy":null,"creationDate":"2025-02-07 13:44:16","lastUpdateDate":"2025-02-07 13:44:16","userName":"柳彬","dataField":"657541517455392768","dataFieldNameCn":"报价","dataFieldNameEn":"quotation","dataFieldNameEnAbbr":"QUO","modelingDataFieldDto":null,"directorName":null,"directorAvatar":null,"createdByName":null,"lastUpdatedByName":null,"avatarUrl":"","page":null,"pageSize":null,"searchWord":null,"nodeType":"BUSINESS_PROCESS"},{"parentNodeId":"657541517455392768","childNodeList":null,"nodeId":"667294716198387712","nodeName":"保单原始数据","id":"667294716198387712","nameEn":"PolicyOriginData","nameCn":"保单原始数据","nameEnAbbr":"POD","director":"657253959764803584","descr":"","createdBy":null,"lastUpdatedBy":null,"creationDate":"2025-01-15 09:10:58","lastUpdateDate":"2025-01-17 17:07:08","userName":"柳彬","dataField":"657541517455392768","dataFieldNameCn":"保单原始数据","dataFieldNameEn":"PolicyOriginData","dataFieldNameEnAbbr":"POD","modelingDataFieldDto":null,"directorName":null,"directorAvatar":null,"createdByName":null,"lastUpdatedByName":null,"avatarUrl":"","page":null,"pageSize":null,"searchWord":null,"nodeType":"BUSINESS_PROCESS"},{"parentNodeId":"657541517455392768","childNodeList":null,"nodeId":"660500641403109376","nodeName":"批改","id":"660500641403109376","nameEn":"Endorsement","nameCn":"批改","nameEnAbbr":"EN","director":"657253959764803584","descr":"该过程为保单批改相关业务过程。","createdBy":null,"lastUpdatedBy":null,"creationDate":"2024-12-27 15:13:44","lastUpdateDate":"2024-12-27 15:13:44","userName":"柳彬","dataField":"657541517455392768","dataFieldNameCn":"批改","dataFieldNameEn":"Endorsement","dataFieldNameEnAbbr":"EN","modelingDataFieldDto":null,"directorName":null,"directorAvatar":null,"createdByName":null,"lastUpdatedByName":null,"avatarUrl":"","page":null,"pageSize":null,"searchWord":null,"nodeType":"BUSINESS_PROCESS"},{"parentNodeId":"657541517455392768","childNodeList":null,"nodeId":"660500240612196352","nodeName":"承保","id":"660500240612196352","nameEn":"Cover","nameCn":"承保","nameEnAbbr":"CO","director":"657253959764803584","descr":"该过程为承保业务相关的业务过程。","createdBy":null,"lastUpdatedBy":null,"creationDate":"2024-12-27 15:12:09","lastUpdateDate":"2024-12-27 15:13:54","userName":"柳彬","dataField":"657541517455392768","dataFieldNameCn":"承保","dataFieldNameEn":"Cover","dataFieldNameEnAbbr":"CO","modelingDataFieldDto":null,"directorName":null,"directorAvatar":null,"createdByName":null,"lastUpdatedByName":null,"avatarUrl":"","page":null,"pageSize":null,"searchWord":null,"nodeType":"BUSINESS_PROCESS"},{"parentNodeId":"657541517455392768","childNodeList":null,"nodeId":"660499414183313408","nodeName":"投保","id":"660499414183313408","nameEn":"Insure","nameCn":"投保","nameEnAbbr":"IN","director":"657253959764803584","descr":"该过程为保单投保相关的业务过程。","createdBy":null,"lastUpdatedBy":null,"creationDate":"2024-12-27 15:08:52","lastUpdateDate":"2024-12-27 15:12:32","userName":"柳彬","dataField":"657541517455392768","dataFieldNameCn":"投保","dataFieldNameEn":"Insure","dataFieldNameEnAbbr":"IN","modelingDataFieldDto":null,"directorName":null,"directorAvatar":null,"createdByName":null,"lastUpdatedByName":null,"avatarUrl":"","page":null,"pageSize":null,"searchWord":null,"nodeType":"BUSINESS_PROCESS"}]}
2025-03-13 09:51:12,423 - log - INFO - http://10.1.8.17:30104/dehoop-admin/modeling/saveEntityBasic?timestamp=1741830672
2025-03-13 09:51:12,424 - log - INFO - -------------------------创建业务实体接口-------------------------
2025-03-13 09:51:12,424 - log - INFO - 请求发送中...
2025-03-13 09:51:12,424 - log - DEBUG - 头请求内容：
 {'dehooptoken': 'eyJ0eXAiOiJKV1QiLCJhbGciOiJIUzUxMiJ9.eyJkZWhvb3B1c2VyaWQiOiI2NTcyNTM5NTk3NjQ4MDM1ODQiLCJ0ZW5hbnRpZCI6IjY1NjYwOTExODM5OTc1ODMzNiIsImV4cCI6MTc0MjA4OTg1MCwiaWF0IjoxNzQxODMwNjUwfQ.8iOFa4PjrnBUD1pjh1Y7zMVPKS-25mrpawkk-tOgHbe2N1vp0TR7aZkyLUZc8Ri9BlGGEOpSQ1cWBLXOAQbQmA', 'tenantid': '656609118399758336', 'projectid': '660489178949091328', 'connection': 'keep-alive', 'content-type': 'application/json'}
2025-03-13 09:51:12,424 - log - DEBUG - 请求体内容：
 {'name': '养殖险标的信息表', 'tableName': 'dwd_pl_co_gupolicydynamic15', 'granularity': 'ATOMIC_TRANSACTIONS', 'descr': '描述养殖险标的信息，包含保单号、险种标的、责任信息等', 'dataFieldId': '657541517455392768', 'dataLayerId': '660489179028783105', 'type': 'GENERAL', 'memorySpaceId': '657543443194576896', 'projectId': '660489178949091328', 'id': '', 'businessProcessId': '660500240612196352'}
2025-03-13 09:51:12,425 - urllib3.connectionpool - DEBUG - Starting new HTTP connection (1): 10.1.8.17:30104
2025-03-13 09:51:12,729 - urllib3.connectionpool - DEBUG - http://10.1.8.17:30104 "POST /dehoop-admin/modeling/saveEntityBasic?timestamp=1741830672 HTTP/1.1" 200 None
2025-03-13 09:51:12,795 - log - INFO - 返回状态码:  200
2025-03-13 09:51:12,796 - log - DEBUG - 返回结果: 
 {"code":"ok","bizCode":null,"message":"保存成功","interval":null,"data":{"createdBy":"657253959764803584","lastUpdatedBy":"657253959764803584","creationDate":"2025-03-13 09:50:52","lastUpdateDate":"2025-03-13 09:50:52","objectVersionNumber":1,"tenantId":"656609118399758336","id":"687960866452279296","name":"养殖险标的信息表","tableName":"dwd_pl_co_gupolicydynamic15","primaryKey":null,"descr":"描述养殖险标的信息，包含保单号、险种标的、责任信息等","memorySpaceId":"657543443194576896","projectId":"660489178949091328","state":"ENABLE","granularity":"ATOMIC_TRANSACTIONS","tableCreated":null,"publishState":null,"versionId":null,"dataLayerId":"660489179028783105"}}
2025-03-13 09:51:12,831 - log - INFO - http://10.1.8.17:30104/dehoop-admin/modeling/saveEntityField??timestamp=1741830672
2025-03-13 09:51:12,831 - log - INFO - -------------------------保存业务实体字段信息-------------------------
2025-03-13 09:51:12,832 - log - INFO - 请求发送中...
2025-03-13 09:51:12,832 - log - DEBUG - 头请求内容：
 {'dehooptoken': 'eyJ0eXAiOiJKV1QiLCJhbGciOiJIUzUxMiJ9.eyJkZWhvb3B1c2VyaWQiOiI2NTcyNTM5NTk3NjQ4MDM1ODQiLCJ0ZW5hbnRpZCI6IjY1NjYwOTExODM5OTc1ODMzNiIsImV4cCI6MTc0MjA4OTg1MCwiaWF0IjoxNzQxODMwNjUwfQ.8iOFa4PjrnBUD1pjh1Y7zMVPKS-25mrpawkk-tOgHbe2N1vp0TR7aZkyLUZc8Ri9BlGGEOpSQ1cWBLXOAQbQmA', 'tenantid': '656609118399758336', 'projectid': '660489178949091328', 'connection': 'keep-alive', 'content-type': 'application/json'}
2025-03-13 09:51:12,832 - log - DEBUG - 请求体内容：
 {'id': '687960866452279296', 'fields': [{'moduleType': 'NAME', 'label': '名称', 'icon': 'name-icon', 'desc': 'VARCHAR', 'fieldType': 'STRING', 'lengthLimit': 128, 'maxLimit': 128, 'configs': ['CompConfigInfo', 'CompConfigFieldType', 'CompConfigFieldName', 'CompConfigLogicName', 'CompConfigLengthLimit', 'CompConfigFieldDescr', 'CompConfigPrimaryKey', 'CompConfigModelRelationship'], 'id': '35075ef7-623b-416e-a493-686d34bb4f8a', 'fieldCreated': False, 'name': 'DS', 'type': 'STRING', 'precision': None, 'scale': None, 'comment': '分区字段', 'sequenceNumber': 4, 'isPrimaryKey': False, 'isNotNull': False, 'isSys': True, 'isPartitionField': True, 'fieldName': '业务日期，yyyymmdd', 'logicName': 'DS', 'entityId': None, 'modelRelationship': 'ATTRIBUTE', 'isIndependent': None, 'initialization': None, 'isAssociated': None, 'measureUnitId': None, 'fieldStandardId': None, 'fieldStandardName': None, 'active': False, '$__seq_ID': '__seq_ID_c6a6075c-6b14-48ec-bfb9-86779bebe4e1', 'selected': False}, {'moduleType': 'DOUBLE', 'label': '小数', 'icon': 'double-icon', 'desc': 'VARCHAR', 'fieldType': 'STRING', 'precision': None, 'scale': None, 'maxLimit': 32, 'maxDecimal': 10, 'configs': ['CompConfigInfo', 'CompConfigFieldType', 'CompConfigFieldName', 'CompConfigLogicName', 'CompConfigDecimalSetting', 'CompConfigFieldDescr', 'CompConfigPrimaryKey', 'CompConfigModelRelationship'], 'id': '11d58b0f6c934ef78ef26d7f562183d6', 'fieldCreated': False, 'name': 'PolicyNo', 'type': 'STRING', 'comment': '又称保单号，保险人在签发保单时按照公司自有编制规则印制在保单凭证上的编号。其中，保单是指以财产及其相关利益为保险标的，保险人与投保人签订的约定保险权利义务关系的协议。', 'sequenceNumber': 1, 'isPrimaryKey': True, 'isNotNull': False, 'isSys': None, 'isPartitionField': None, 'fieldName': '保单号码', 'logicName': 'PolicyNo', 'entityId': None, 'modelRelationship': 'RELATION_FIELD', 'isIndependent': None, 'initialization': None, 'isAssociated': None, 'measureUnitId': None, 'fieldStandardId': '679633193980133376', 'fieldStandardName': '/保单/保单号码', 'lengthLimit': None, 'active': False, '$__seq_ID': '__seq_ID_e76c2a68-4dd1-4e88-ad1c-6a08f0e49411'}, {'moduleType': 'DOUBLE', 'label': '小数', 'icon': 'double-icon', 'desc': 'VARCHAR', 'fieldType': 'STRING', 'precision': None, 'scale': None, 'maxLimit': 32, 'maxDecimal': 10, 'configs': ['CompConfigInfo', 'CompConfigFieldType', 'CompConfigFieldName', 'CompConfigLogicName', 'CompConfigDecimalSetting', 'CompConfigFieldDescr', 'CompConfigPrimaryKey', 'CompConfigModelRelationship'], 'id': '6b5dc2f05fe94811994dc8db01b4e228', 'fieldCreated': False, 'name': 'PlanCode', 'type': 'STRING', 'comment': None, 'sequenceNumber': 2, 'isPrimaryKey': False, 'isNotNull': False, 'isSys': None, 'isPartitionField': None, 'fieldName': '计划代码', 'logicName': 'PlanCode', 'entityId': None, 'modelRelationship': 'RELATION_FIELD', 'isIndependent': None, 'initialization': None, 'isAssociated': None, 'measureUnitId': None, 'fieldStandardId': '679695230902992896', 'fieldStandardName': '/公共/计划代码', 'lengthLimit': None, 'active': False, '$__seq_ID': '__seq_ID_8c943247-0a6a-4737-b084-ee40c37c6ed8'}, {'moduleType': 'DOUBLE', 'label': '小数', 'icon': 'double-icon', 'desc': 'VARCHAR', 'fieldType': 'STRING', 'precision': None, 'scale': None, 'maxLimit': 32, 'maxDecimal': 10, 'configs': ['CompConfigInfo', 'CompConfigFieldType', 'CompConfigFieldName', 'CompConfigLogicName', 'CompConfigDecimalSetting', 'CompConfigFieldDescr', 'CompConfigPrimaryKey', 'CompConfigModelRelationship'], 'id': '778bb81bf1774d8c89c1204e92f9a194', 'fieldCreated': False, 'name': 'RiskCode', 'type': 'STRING', 'comment': '本条款所属的险种分类代码。其中，险类是指按照保险标的、保险对象或主要保险责任对保险产品进行的分类。', 'sequenceNumber': 3, 'isPrimaryKey': False, 'isNotNull': False, 'isSys': None, 'isPartitionField': None, 'fieldName': '险种代码', 'logicName': 'RiskCode', 'entityId': None, 'modelRelationship': 'RELATION_FIELD', 'isIndependent': None, 'initialization': None, 'isAssociated': None, 'measureUnitId': None, 'fieldStandardId': '679695307478401024', 'fieldStandardName': '/公共/险种代码', 'lengthLimit': None, 'active': False, '$__seq_ID': '__seq_ID_230696c5-2d1a-45f4-a21f-a613e6fcc216'}, {'moduleType': 'DOUBLE', 'label': '小数', 'icon': 'double-icon', 'desc': 'VARCHAR', 'fieldType': 'STRING', 'precision': None, 'scale': None, 'maxLimit': 32, 'maxDecimal': 10, 'configs': ['CompConfigInfo', 'CompConfigFieldType', 'CompConfigFieldName', 'CompConfigLogicName', 'CompConfigDecimalSetting', 'CompConfigFieldDescr', 'CompConfigPrimaryKey', 'CompConfigModelRelationship'], 'id': 'f01e00ad6826452a9a2612e268b5e3b5', 'fieldCreated': False, 'name': 'ItemNo', 'type': 'STRING', 'comment': '保单下标的序号，保单下唯一。', 'sequenceNumber': 4, 'isPrimaryKey': False, 'isNotNull': False, 'isSys': None, 'isPartitionField': None, 'fieldName': '标的序号', 'logicName': 'ItemNo', 'entityId': None, 'modelRelationship': 'RELATION_FIELD', 'isIndependent': None, 'initialization': None, 'isAssociated': None, 'measureUnitId': None, 'fieldStandardId': '679709241589628928', 'fieldStandardName': '/保单/标的序号', 'lengthLimit': None, 'active': False, '$__seq_ID': '__seq_ID_0948a412-3cd9-4a4f-b8b2-f2c86eee279e'}, {'moduleType': 'DOUBLE', 'label': '小数', 'icon': 'double-icon', 'desc': 'VARCHAR', 'fieldType': 'DECIMAL', 'precision': 16, 'scale': 4, 'maxLimit': 32, 'maxDecimal': 10, 'configs': ['CompConfigInfo', 'CompConfigFieldType', 'CompConfigFieldName', 'CompConfigLogicName', 'CompConfigDecimalSetting', 'CompConfigFieldDescr', 'CompConfigPrimaryKey', 'CompConfigModelRelationship'], 'id': '9825d0d4561046dab0007cc15c93da3d', 'fieldCreated': False, 'name': 'CentralSubsidyRate', 'type': 'DECIMAL', 'comment': None, 'sequenceNumber': 5, 'isPrimaryKey': False, 'isNotNull': False, 'isSys': None, 'isPartitionField': None, 'fieldName': '中央财政补贴或交付比例（%）', 'logicName': 'CentralSubsidyRate', 'entityId': None, 'modelRelationship': 'METRIC', 'isIndependent': None, 'initialization': None, 'isAssociated': None, 'measureUnitId': None, 'fieldStandardId': '682535316204027904', 'fieldStandardName': '/保单/中央补贴比例', 'lengthLimit': None, 'active': False, '$__seq_ID': '__seq_ID_0833837a-67e1-4d77-a4a8-eb581e5936aa'}, {'moduleType': 'DOUBLE', 'label': '小数', 'icon': 'double-icon', 'desc': 'VARCHAR', 'fieldType': 'DECIMAL', 'precision': 16, 'scale': 2, 'maxLimit': 32, 'maxDecimal': 10, 'configs': ['CompConfigInfo', 'CompConfigFieldType', 'CompConfigFieldName', 'CompConfigLogicName', 'CompConfigDecimalSetting', 'CompConfigFieldDescr', 'CompConfigPrimaryKey', 'CompConfigModelRelationship'], 'id': '7475620577054b1d9fe4ba888cf379d2', 'fieldCreated': False, 'name': 'CentralSubsidy', 'type': 'DECIMAL', 'comment': None, 'sequenceNumber': 6, 'isPrimaryKey': False, 'isNotNull': False, 'isSys': None, 'isPartitionField': None, 'fieldName': '中央财政补贴或交付金额（元）', 'logicName': 'CentralSubsidy', 'entityId': None, 'modelRelationship': 'METRIC', 'isIndependent': None, 'initialization': None, 'isAssociated': None, 'measureUnitId': None, 'fieldStandardId': '682542771218677760', 'fieldStandardName': '/保单/中央补贴', 'lengthLimit': None, 'active': False, '$__seq_ID': '__seq_ID_a159ddaf-5b71-4680-8193-86dab1af40bf'}, {'moduleType': 'DOUBLE', 'label': '小数', 'icon': 'double-icon', 'desc': 'VARCHAR', 'fieldType': 'DECIMAL', 'precision': 16, 'scale': 4, 'maxLimit': 32, 'maxDecimal': 10, 'configs': ['CompConfigInfo', 'CompConfigFieldType', 'CompConfigFieldName', 'CompConfigLogicName', 'CompConfigDecimalSetting', 'CompConfigFieldDescr', 'CompConfigPrimaryKey', 'CompConfigModelRelationship'], 'id': '80b13712465d4165b2bf91a2b1f27854', 'fieldCreated': False, 'name': 'ProvincialSubsidyRate', 'type': 'DECIMAL', 'comment': None, 'sequenceNumber': 7, 'isPrimaryKey': False, 'isNotNull': False, 'isSys': None, 'isPartitionField': None, 'fieldName': '省财政补贴或交付比例（%）', 'logicName': 'ProvincialSubsidyRate', 'entityId': None, 'modelRelationship': 'METRIC', 'isIndependent': None, 'initialization': None, 'isAssociated': None, 'measureUnitId': None, 'fieldStandardId': '682542875061256192', 'fieldStandardName': '/保单/省财政补贴比例', 'lengthLimit': None, 'active': False, '$__seq_ID': '__seq_ID_8ef47108-2ac6-48ed-b695-7a264bb7d6b9'}, {'moduleType': 'DOUBLE', 'label': '小数', 'icon': 'double-icon', 'desc': 'VARCHAR', 'fieldType': 'DECIMAL', 'precision': 16, 'scale': 2, 'maxLimit': 32, 'maxDecimal': 10, 'configs': ['CompConfigInfo', 'CompConfigFieldType', 'CompConfigFieldName', 'CompConfigLogicName', 'CompConfigDecimalSetting', 'CompConfigFieldDescr', 'CompConfigPrimaryKey', 'CompConfigModelRelationship'], 'id': '77a9ea1133a64230b47908b012b3e7de', 'fieldCreated': False, 'name': 'ProvincialSubsidy', 'type': 'DECIMAL', 'comment': None, 'sequenceNumber': 8, 'isPrimaryKey': False, 'isNotNull': False, 'isSys': None, 'isPartitionField': None, 'fieldName': '省财政补贴或交付金额（元）', 'logicName': 'ProvincialSubsidy', 'entityId': None, 'modelRelationship': 'METRIC', 'isIndependent': None, 'initialization': None, 'isAssociated': None, 'measureUnitId': None, 'fieldStandardId': '682597534811553792', 'fieldStandardName': '/保单/省财政补贴', 'lengthLimit': None, 'active': False, '$__seq_ID': '__seq_ID_f0843b91-2c3f-4173-a4fe-82b30756c53a'}, {'moduleType': 'DOUBLE', 'label': '小数', 'icon': 'double-icon', 'desc': 'VARCHAR', 'fieldType': 'DECIMAL', 'precision': 16, 'scale': 4, 'maxLimit': 32, 'maxDecimal': 10, 'configs': ['CompConfigInfo', 'CompConfigFieldType', 'CompConfigFieldName', 'CompConfigLogicName', 'CompConfigDecimalSetting', 'CompConfigFieldDescr', 'CompConfigPrimaryKey', 'CompConfigModelRelationship'], 'id': '81a710b295da46b39694094d92bfbce4', 'fieldCreated': False, 'name': 'MunicipalSubsidyRate', 'type': 'DECIMAL', 'comment': None, 'sequenceNumber': 9, 'isPrimaryKey': False, 'isNotNull': False, 'isSys': None, 'isPartitionField': None, 'fieldName': '地、市财政补贴或交付比例（%）', 'logicName': 'MunicipalSubsidyRate', 'entityId': None, 'modelRelationship': 'METRIC', 'isIndependent': None, 'initialization': None, 'isAssociated': None, 'measureUnitId': None, 'fieldStandardId': '682542978484404224', 'fieldStandardName': '/保单/市区补贴比例', 'lengthLimit': None, 'active': False, '$__seq_ID': '__seq_ID_f2152414-c378-44bf-874c-96037487f863'}, {'moduleType': 'DOUBLE', 'label': '小数', 'icon': 'double-icon', 'desc': 'VARCHAR', 'fieldType': 'DECIMAL', 'precision': 16, 'scale': 2, 'maxLimit': 32, 'maxDecimal': 10, 'configs': ['CompConfigInfo', 'CompConfigFieldType', 'CompConfigFieldName', 'CompConfigLogicName', 'CompConfigDecimalSetting', 'CompConfigFieldDescr', 'CompConfigPrimaryKey', 'CompConfigModelRelationship'], 'id': '1f0ca848c58c49b9829bbad811a2c73f', 'fieldCreated': False, 'name': 'MunicipalSubsidy', 'type': 'DECIMAL', 'comment': None, 'sequenceNumber': 10, 'isPrimaryKey': False, 'isNotNull': False, 'isSys': None, 'isPartitionField': None, 'fieldName': '地、市财政补贴或交付金额（元）', 'logicName': 'MunicipalSubsidy', 'entityId': None, 'modelRelationship': 'METRIC', 'isIndependent': None, 'initialization': None, 'isAssociated': None, 'measureUnitId': None, 'fieldStandardId': '682598470963429376', 'fieldStandardName': '/保单/市区补贴', 'lengthLimit': None, 'active': False, '$__seq_ID': '__seq_ID_b30fa4b5-6fab-460a-92bf-2f451f786bb2'}, {'moduleType': 'DOUBLE', 'label': '小数', 'icon': 'double-icon', 'desc': 'VARCHAR', 'fieldType': 'DECIMAL', 'precision': 16, 'scale': 4, 'maxLimit': 32, 'maxDecimal': 10, 'configs': ['CompConfigInfo', 'CompConfigFieldType', 'CompConfigFieldName', 'CompConfigLogicName', 'CompConfigDecimalSetting', 'CompConfigFieldDescr', 'CompConfigPrimaryKey', 'CompConfigModelRelationship'], 'id': '3839b187c7b645ae935a05c9d18a755d', 'fieldCreated': False, 'name': 'CountySubsidyRate', 'type': 'DECIMAL', 'comment': None, 'sequenceNumber': 11, 'isPrimaryKey': False, 'isNotNull': False, 'isSys': None, 'isPartitionField': None, 'fieldName': '县（区）财政补贴或交付比例（%）', 'logicName': 'CountySubsidyRate', 'entityId': None, 'modelRelationship': 'METRIC', 'isIndependent': None, 'initialization': None, 'isAssociated': None, 'measureUnitId': None, 'fieldStandardId': '682543080938668032', 'fieldStandardName': '/保单/县区补贴比例', 'lengthLimit': None, 'active': False, '$__seq_ID': '__seq_ID_daeaa971-ba4a-4f26-b354-d1e6f5397921'}, {'moduleType': 'DOUBLE', 'label': '小数', 'icon': 'double-icon', 'desc': 'VARCHAR', 'fieldType': 'DECIMAL', 'precision': 16, 'scale': 2, 'maxLimit': 32, 'maxDecimal': 10, 'configs': ['CompConfigInfo', 'CompConfigFieldType', 'CompConfigFieldName', 'CompConfigLogicName', 'CompConfigDecimalSetting', 'CompConfigFieldDescr', 'CompConfigPrimaryKey', 'CompConfigModelRelationship'], 'id': '6efcd5f72df742acb6992f47691035d5', 'fieldCreated': False, 'name': 'CountySubsidy', 'type': 'DECIMAL', 'comment': None, 'sequenceNumber': 12, 'isPrimaryKey': False, 'isNotNull': False, 'isSys': None, 'isPartitionField': None, 'fieldName': '县（区）财政补贴或交付金额（元）', 'logicName': 'CountySubsidy', 'entityId': None, 'modelRelationship': 'METRIC', 'isIndependent': None, 'initialization': None, 'isAssociated': None, 'measureUnitId': None, 'fieldStandardId': '682543181505495040', 'fieldStandardName': '/保单/县区补贴', 'lengthLimit': None, 'active': False, '$__seq_ID': '__seq_ID_b0c3019a-1fca-43c4-98cd-ebca8c46c068'}, {'moduleType': 'DOUBLE', 'label': '小数', 'icon': 'double-icon', 'desc': 'VARCHAR', 'fieldType': 'DECIMAL', 'precision': 16, 'scale': 4, 'maxLimit': 32, 'maxDecimal': 10, 'configs': ['CompConfigInfo', 'CompConfigFieldType', 'CompConfigFieldName', 'CompConfigLogicName', 'CompConfigDecimalSetting', 'CompConfigFieldDescr', 'CompConfigPrimaryKey', 'CompConfigModelRelationship'], 'id': '6fac7d7195ba40a6addff193e8042438', 'fieldCreated': False, 'name': 'FarmersSubsidyRate', 'type': 'DECIMAL', 'comment': None, 'sequenceNumber': 13, 'isPrimaryKey': False, 'isNotNull': False, 'isSys': None, 'isPartitionField': None, 'fieldName': '农户补贴或交付比例（%）', 'logicName': 'FarmersSubsidyRate', 'entityId': None, 'modelRelationship': 'METRIC', 'isIndependent': None, 'initialization': None, 'isAssociated': None, 'measureUnitId': None, 'fieldStandardId': '682543284370800640', 'fieldStandardName': '/保单/农户补贴比例', 'lengthLimit': None, 'active': False, '$__seq_ID': '__seq_ID_1c596ddf-b8f6-43af-bd26-41452a791ade'}, {'moduleType': 'DOUBLE', 'label': '小数', 'icon': 'double-icon', 'desc': 'VARCHAR', 'fieldType': 'DECIMAL', 'precision': 16, 'scale': 2, 'maxLimit': 32, 'maxDecimal': 10, 'configs': ['CompConfigInfo', 'CompConfigFieldType', 'CompConfigFieldName', 'CompConfigLogicName', 'CompConfigDecimalSetting', 'CompConfigFieldDescr', 'CompConfigPrimaryKey', 'CompConfigModelRelationship'], 'id': 'e2327932f4e74b028686e7009aa99a89', 'fieldCreated': False, 'name': 'FarmersSubsidy', 'type': 'DECIMAL', 'comment': None, 'sequenceNumber': 14, 'isPrimaryKey': False, 'isNotNull': False, 'isSys': None, 'isPartitionField': None, 'fieldName': '农户补贴或交付金额（元）', 'logicName': 'FarmersSubsidy', 'entityId': None, 'modelRelationship': 'METRIC', 'isIndependent': None, 'initialization': None, 'isAssociated': None, 'measureUnitId': None, 'fieldStandardId': '682541268051427328', 'fieldStandardName': '/保单/农户补贴', 'lengthLimit': None, 'active': False, '$__seq_ID': '__seq_ID_81862ae4-a1db-4046-9334-60d69522d8a4'}, {'moduleType': 'DOUBLE', 'label': '小数', 'icon': 'double-icon', 'desc': 'VARCHAR', 'fieldType': 'DECIMAL', 'precision': 16, 'scale': 4, 'maxLimit': 32, 'maxDecimal': 10, 'configs': ['CompConfigInfo', 'CompConfigFieldType', 'CompConfigFieldName', 'CompConfigLogicName', 'CompConfigDecimalSetting', 'CompConfigFieldDescr', 'CompConfigPrimaryKey', 'CompConfigModelRelationship'], 'id': 'a9944666580043bdb835e25282a3b1e1', 'fieldCreated': False, 'name': 'OtherSubsidyRate', 'type': 'DECIMAL', 'comment': None, 'sequenceNumber': 15, 'isPrimaryKey': False, 'isNotNull': False, 'isSys': None, 'isPartitionField': None, 'fieldName': '其他补贴或交付比例（%）', 'logicName': 'OtherSubsidyRate', 'entityId': None, 'modelRelationship': 'METRIC', 'isIndependent': None, 'initialization': None, 'isAssociated': None, 'measureUnitId': None, 'fieldStandardId': '682543386393051136', 'fieldStandardName': '/保单/其他补贴比例', 'lengthLimit': None, 'active': False, '$__seq_ID': '__seq_ID_c0ab62a8-5999-4d7a-a7e9-070d7df853b0'}, {'moduleType': 'DOUBLE', 'label': '小数', 'icon': 'double-icon', 'desc': 'VARCHAR', 'fieldType': 'DECIMAL', 'precision': 16, 'scale': 2, 'maxLimit': 32, 'maxDecimal': 10, 'configs': ['CompConfigInfo', 'CompConfigFieldType', 'CompConfigFieldName', 'CompConfigLogicName', 'CompConfigDecimalSetting', 'CompConfigFieldDescr', 'CompConfigPrimaryKey', 'CompConfigModelRelationship'], 'id': '64fecb83e88147c8b961fec4df4613ea', 'fieldCreated': False, 'name': 'OtherSubsidy', 'type': 'DECIMAL', 'comment': None, 'sequenceNumber': 16, 'isPrimaryKey': False, 'isNotNull': False, 'isSys': None, 'isPartitionField': None, 'fieldName': '其他补贴或交付金额（元）', 'logicName': 'OtherSubsidy', 'entityId': None, 'modelRelationship': 'METRIC', 'isIndependent': None, 'initialization': None, 'isAssociated': None, 'measureUnitId': None, 'fieldStandardId': '682541368299487232', 'fieldStandardName': '/保单/其他补贴', 'lengthLimit': None, 'active': False, '$__seq_ID': '__seq_ID_3b3336a6-3dd7-4678-b48c-57b29eeb680b'}, {'moduleType': 'DOUBLE', 'label': '小数', 'icon': 'double-icon', 'desc': 'VARCHAR', 'fieldType': 'STRING', 'precision': None, 'scale': None, 'maxLimit': 32, 'maxDecimal': 10, 'configs': ['CompConfigInfo', 'CompConfigFieldType', 'CompConfigFieldName', 'CompConfigLogicName', 'CompConfigDecimalSetting', 'CompConfigFieldDescr', 'CompConfigPrimaryKey', 'CompConfigModelRelationship'], 'id': '54cd8fd6c7164e12a55eed9ae906d131', 'fieldCreated': False, 'name': 'ModeCode', 'type': 'STRING', 'comment': '根据被保险人是单一个体还是多个个体所划分的保单性质代码。如：个人投保、团体投保。', 'sequenceNumber': 17, 'isPrimaryKey': False, 'isNotNull': False, 'isSys': None, 'isPartitionField': None, 'fieldName': '投保方式', 'logicName': 'ModeCode', 'entityId': None, 'modelRelationship': 'ATTRIBUTE', 'isIndependent': None, 'initialization': None, 'isAssociated': None, 'measureUnitId': None, 'fieldStandardId': '679709789088907264', 'fieldStandardName': '/保单/投保方式代码', 'lengthLimit': None, 'active': False, '$__seq_ID': '__seq_ID_45d51c40-dec5-4e1c-bfed-69553c489eb7'}, {'moduleType': 'DOUBLE', 'label': '小数', 'icon': 'double-icon', 'desc': 'VARCHAR', 'fieldType': 'INT', 'precision': None, 'scale': None, 'maxLimit': 32, 'maxDecimal': 10, 'configs': ['CompConfigInfo', 'CompConfigFieldType', 'CompConfigFieldName', 'CompConfigLogicName', 'CompConfigDecimalSetting', 'CompConfigFieldDescr', 'CompConfigPrimaryKey', 'CompConfigModelRelationship'], 'id': '6fb78c770cfc45c281fae3475ad31c14', 'fieldCreated': False, 'name': 'InsuranceNumber', 'type': 'INT', 'comment': None, 'sequenceNumber': 18, 'isPrimaryKey': False, 'isNotNull': False, 'isSys': None, 'isPartitionField': None, 'fieldName': '投保户数', 'logicName': 'InsuranceNumber', 'entityId': None, 'modelRelationship': 'METRIC', 'isIndependent': None, 'initialization': None, 'isAssociated': None, 'measureUnitId': None, 'fieldStandardId': '679730701926400000', 'fieldStandardName': '/保单/投保户数', 'lengthLimit': None, 'active': False, '$__seq_ID': '__seq_ID_b106120d-eeaf-4938-84c0-6e8590bbb436'}, {'moduleType': 'DOUBLE', 'label': '小数', 'icon': 'double-icon', 'desc': 'VARCHAR', 'fieldType': 'STRING', 'precision': None, 'scale': None, 'maxLimit': 32, 'maxDecimal': 10, 'configs': ['CompConfigInfo', 'CompConfigFieldType', 'CompConfigFieldName', 'CompConfigLogicName', 'CompConfigDecimalSetting', 'CompConfigFieldDescr', 'CompConfigPrimaryKey', 'CompConfigModelRelationship'], 'id': 'cb93d7d04cfe4b49b350db8585d111f5', 'fieldCreated': False, 'name': 'AmountDetermineWay', 'type': 'STRING', 'comment': None, 'sequenceNumber': 19, 'isPrimaryKey': False, 'isNotNull': False, 'isSys': None, 'isPartitionField': None, 'fieldName': '保额确定方式', 'logicName': 'AmountDetermineWay', 'entityId': None, 'modelRelationship': 'ATTRIBUTE', 'isIndependent': None, 'initialization': None, 'isAssociated': None, 'measureUnitId': None, 'fieldStandardId': '679810155272994816', 'fieldStandardName': '/保单/保额确定方式', 'lengthLimit': None, 'active': False, '$__seq_ID': '__seq_ID_7272896f-0100-4438-9549-435579b4910d'}, {'moduleType': 'DOUBLE', 'label': '小数', 'icon': 'double-icon', 'desc': 'VARCHAR', 'fieldType': 'STRING', 'precision': None, 'scale': None, 'maxLimit': 32, 'maxDecimal': 10, 'configs': ['CompConfigInfo', 'CompConfigFieldType', 'CompConfigFieldName', 'CompConfigLogicName', 'CompConfigDecimalSetting', 'CompConfigFieldDescr', 'CompConfigPrimaryKey', 'CompConfigModelRelationship'], 'id': '5aefe77fa8b74bcf9793b4feddbfa661', 'fieldCreated': False, 'name': 'ManagementModel', 'type': 'STRING', 'comment': None, 'sequenceNumber': 20, 'isPrimaryKey': False, 'isNotNull': False, 'isSys': None, 'isPartitionField': None, 'fieldName': '经营模式', 'logicName': 'ManagementModel', 'entityId': None, 'modelRelationship': 'ATTRIBUTE', 'isIndependent': None, 'initialization': None, 'isAssociated': None, 'measureUnitId': None, 'fieldStandardId': '682582948821598208', 'fieldStandardName': '/客户/经营模式', 'lengthLimit': None, 'active': False, '$__seq_ID': '__seq_ID_e3fb9cc4-5ff5-4953-a358-1aa25d30d539'}, {'moduleType': 'DOUBLE', 'label': '小数', 'icon': 'double-icon', 'desc': 'VARCHAR', 'fieldType': 'STRING', 'precision': None, 'scale': None, 'maxLimit': 32, 'maxDecimal': 10, 'configs': ['CompConfigInfo', 'CompConfigFieldType', 'CompConfigFieldName', 'CompConfigLogicName', 'CompConfigDecimalSetting', 'CompConfigFieldDescr', 'CompConfigPrimaryKey', 'CompConfigModelRelationship'], 'id': '127057ce38954b6dae6f971b78e07e7c', 'fieldCreated': False, 'name': 'PovertyAlleviationInd', 'type': 'STRING', 'comment': None, 'sequenceNumber': 21, 'isPrimaryKey': False, 'isNotNull': False, 'isSys': None, 'isPartitionField': None, 'fieldName': '是否扶贫项目', 'logicName': 'PovertyAlleviationInd', 'entityId': None, 'modelRelationship': 'ATTRIBUTE', 'isIndependent': None, 'initialization': None, 'isAssociated': None, 'measureUnitId': None, 'fieldStandardId': '682583016442167296', 'fieldStandardName': '/保单/是否扶贫项目', 'lengthLimit': None, 'active': False, '$__seq_ID': '__seq_ID_1bc1ed70-f74f-44b0-af01-6a79bf84adcd'}, {'moduleType': 'DOUBLE', 'label': '小数', 'icon': 'double-icon', 'desc': 'VARCHAR', 'fieldType': 'STRING', 'precision': None, 'scale': None, 'maxLimit': 32, 'maxDecimal': 10, 'configs': ['CompConfigInfo', 'CompConfigFieldType', 'CompConfigFieldName', 'CompConfigLogicName', 'CompConfigDecimalSetting', 'CompConfigFieldDescr', 'CompConfigPrimaryKey', 'CompConfigModelRelationship'], 'id': '28dbc93b8a8347d1bf3f5118ebaa7ead', 'fieldCreated': False, 'name': 'Unit', 'type': 'STRING', 'comment': '描述标的数量时所采用的数学方面或物理方面计量事物的标准量的名称，例如：件、箱、吨、亩、头等。', 'sequenceNumber': 22, 'isPrimaryKey': False, 'isNotNull': False, 'isSys': None, 'isPartitionField': None, 'fieldName': '单位', 'logicName': 'Unit', 'entityId': None, 'modelRelationship': 'ATTRIBUTE', 'isIndependent': None, 'initialization': None, 'isAssociated': None, 'measureUnitId': None, 'fieldStandardId': '679710273744928768', 'fieldStandardName': '/保单/数量单位', 'lengthLimit': None, 'active': False, '$__seq_ID': '__seq_ID_8cb68422-d5cf-4691-9ebb-7441e1d8f969'}, {'moduleType': 'DOUBLE', 'label': '小数', 'icon': 'double-icon', 'desc': 'VARCHAR', 'fieldType': 'STRING', 'precision': None, 'scale': None, 'maxLimit': 32, 'maxDecimal': 10, 'configs': ['CompConfigInfo', 'CompConfigFieldType', 'CompConfigFieldName', 'CompConfigLogicName', 'CompConfigDecimalSetting', 'CompConfigFieldDescr', 'CompConfigPrimaryKey', 'CompConfigModelRelationship'], 'id': '7b42b653de834774893a793b4400bdb6', 'fieldCreated': False, 'name': 'Region', 'type': 'STRING', 'comment': None, 'sequenceNumber': 23, 'isPrimaryKey': False, 'isNotNull': False, 'isSys': None, 'isPartitionField': None, 'fieldName': '投保区域', 'logicName': 'Region', 'entityId': None, 'modelRelationship': 'ATTRIBUTE', 'isIndependent': None, 'initialization': None, 'isAssociated': None, 'measureUnitId': None, 'fieldStandardId': '680440195576758272', 'fieldStandardName': '/公共/区域', 'lengthLimit': None, 'active': False, '$__seq_ID': '__seq_ID_c2df416f-69b6-427f-a117-e2ec59b47cf4'}, {'moduleType': 'DOUBLE', 'label': '小数', 'icon': 'double-icon', 'desc': 'VARCHAR', 'fieldType': 'STRING', 'precision': None, 'scale': None, 'maxLimit': 32, 'maxDecimal': 10, 'configs': ['CompConfigInfo', 'CompConfigFieldType', 'CompConfigFieldName', 'CompConfigLogicName', 'CompConfigDecimalSetting', 'CompConfigFieldDescr', 'CompConfigPrimaryKey', 'CompConfigModelRelationship'], 'id': '816ebcf7b90c4adbb2d707d1eaee1ffd', 'fieldCreated': False, 'name': 'Currency', 'type': 'STRING', 'comment': '相关金额数据项所对应的币种，例如：CNY、EUR、JRY等。', 'sequenceNumber': 24, 'isPrimaryKey': False, 'isNotNull': False, 'isSys': None, 'isPartitionField': None, 'fieldName': '币别', 'logicName': 'Currency', 'entityId': None, 'modelRelationship': 'ATTRIBUTE', 'isIndependent': None, 'initialization': None, 'isAssociated': None, 'measureUnitId': None, 'fieldStandardId': '679642467057795072', 'fieldStandardName': '/公共/币别', 'lengthLimit': None, 'active': False, '$__seq_ID': '__seq_ID_c1ea243b-91b0-4719-a4ab-7cbff7c12100'}, {'moduleType': 'DOUBLE', 'label': '小数', 'icon': 'double-icon', 'desc': 'VARCHAR', 'fieldType': 'STRING', 'precision': None, 'scale': None, 'maxLimit': 32, 'maxDecimal': 10, 'configs': ['CompConfigInfo', 'CompConfigFieldType', 'CompConfigFieldName', 'CompConfigLogicName', 'CompConfigDecimalSetting', 'CompConfigFieldDescr', 'CompConfigPrimaryKey', 'CompConfigModelRelationship'], 'id': '5bba86013c3644ac87bd948d9623f741', 'fieldCreated': False, 'name': 'DangerUnitType', 'type': 'STRING', 'comment': '再保保单下划分的危险单位的类型。', 'sequenceNumber': 25, 'isPrimaryKey': False, 'isNotNull': False, 'isSys': None, 'isPartitionField': None, 'fieldName': '危险单位类型', 'logicName': 'DangerUnitType', 'entityId': None, 'modelRelationship': 'ATTRIBUTE', 'isIndependent': None, 'initialization': None, 'isAssociated': None, 'measureUnitId': None, 'fieldStandardId': '680365262247034880', 'fieldStandardName': '/理赔/危险单位类型', 'lengthLimit': None, 'active': False, '$__seq_ID': '__seq_ID_e83a443b-ff97-4f44-a9af-c765f99601e2'}, {'moduleType': 'DOUBLE', 'label': '小数', 'icon': 'double-icon', 'desc': 'VARCHAR', 'fieldType': 'STRING', 'precision': None, 'scale': None, 'maxLimit': 32, 'maxDecimal': 10, 'configs': ['CompConfigInfo', 'CompConfigFieldType', 'CompConfigFieldName', 'CompConfigLogicName', 'CompConfigDecimalSetting', 'CompConfigFieldDescr', 'CompConfigPrimaryKey', 'CompConfigModelRelationship'], 'id': '6d7325c1a9a149cda2b3c345318cd195', 'fieldCreated': False, 'name': 'Remark', 'type': 'STRING', 'comment': '备注内容描述。', 'sequenceNumber': 26, 'isPrimaryKey': False, 'isNotNull': False, 'isSys': None, 'isPartitionField': None, 'fieldName': '备注', 'logicName': 'Remark', 'entityId': None, 'modelRelationship': 'ATTRIBUTE', 'isIndependent': None, 'initialization': None, 'isAssociated': None, 'measureUnitId': None, 'fieldStandardId': '679709633446674432', 'fieldStandardName': '/公共/备注', 'lengthLimit': None, 'active': False, '$__seq_ID': '__seq_ID_aed12bfd-3b8e-427c-aada-96f660195609'}, {'moduleType': 'DOUBLE', 'label': '小数', 'icon': 'double-icon', 'desc': 'VARCHAR', 'fieldType': 'STRING', 'precision': None, 'scale': None, 'maxLimit': 32, 'maxDecimal': 10, 'configs': ['CompConfigInfo', 'CompConfigFieldType', 'CompConfigFieldName', 'CompConfigLogicName', 'CompConfigDecimalSetting', 'CompConfigFieldDescr', 'CompConfigPrimaryKey', 'CompConfigModelRelationship'], 'id': '1b0ac09265d040ccb2f6542608df68a5', 'fieldCreated': False, 'name': 'ListBelongInd', 'type': 'STRING', 'comment': None, 'sequenceNumber': 27, 'isPrimaryKey': False, 'isNotNull': False, 'isSys': None, 'isPartitionField': None, 'fieldName': '清单归属标志', 'logicName': 'ListBelongInd', 'entityId': None, 'modelRelationship': 'ATTRIBUTE', 'isIndependent': None, 'initialization': None, 'isAssociated': None, 'measureUnitId': None, 'fieldStandardId': '679798398483693568', 'fieldStandardName': '/保单/清单归属标志', 'lengthLimit': None, 'active': False, '$__seq_ID': '__seq_ID_c5c3aa6b-6b92-44ba-bdb1-61cac6f3bb73'}, {'moduleType': 'DOUBLE', 'label': '小数', 'icon': 'double-icon', 'desc': 'VARCHAR', 'fieldType': 'TIMESTAMP', 'precision': None, 'scale': None, 'maxLimit': 32, 'maxDecimal': 10, 'configs': ['CompConfigInfo', 'CompConfigFieldType', 'CompConfigFieldName', 'CompConfigLogicName', 'CompConfigDecimalSetting', 'CompConfigFieldDescr', 'CompConfigPrimaryKey', 'CompConfigModelRelationship'], 'id': '266f12b14b9d4794ab0828fa38dddff0', 'fieldCreated': False, 'name': 'UpdateTime', 'type': 'TIMESTAMP', 'comment': '最后发生修改的时间。', 'sequenceNumber': 28, 'isPrimaryKey': False, 'isNotNull': False, 'isSys': None, 'isPartitionField': None, 'fieldName': '更新时间', 'logicName': 'UpdateTime', 'entityId': None, 'modelRelationship': 'METRIC', 'isIndependent': None, 'initialization': None, 'isAssociated': None, 'measureUnitId': None, 'fieldStandardId': '679699908508254208', 'fieldStandardName': '/公共/最后修改时间', 'lengthLimit': None, 'active': False, '$__seq_ID': '__seq_ID_e7b87340-4779-4010-aa1d-3048502de674'}, {'moduleType': 'DOUBLE', 'label': '小数', 'icon': 'double-icon', 'desc': 'VARCHAR', 'fieldType': 'TIMESTAMP', 'precision': None, 'scale': None, 'maxLimit': 32, 'maxDecimal': 10, 'configs': ['CompConfigInfo', 'CompConfigFieldType', 'CompConfigFieldName', 'CompConfigLogicName', 'CompConfigDecimalSetting', 'CompConfigFieldDescr', 'CompConfigPrimaryKey', 'CompConfigModelRelationship'], 'id': 'c65544ab899241cfa2482a7ba12589d6', 'fieldCreated': False, 'name': 'CreateTime', 'type': 'TIMESTAMP', 'comment': '1. 创建的具体时间。\n2. 保险公司与销售人员签订合同的日期。', 'sequenceNumber': 29, 'isPrimaryKey': False, 'isNotNull': False, 'isSys': None, 'isPartitionField': None, 'fieldName': '创建时间', 'logicName': 'CreateTime', 'entityId': None, 'modelRelationship': 'METRIC', 'isIndependent': None, 'initialization': None, 'isAssociated': None, 'measureUnitId': None, 'fieldStandardId': '679693804353093632', 'fieldStandardName': '/公共/创建时间', 'lengthLimit': None, 'active': False, '$__seq_ID': '__seq_ID_33d413bc-78c8-4708-b89f-5c21ca3719d6'}, {'moduleType': 'DOUBLE', 'label': '小数', 'icon': 'double-icon', 'desc': 'VARCHAR', 'fieldType': 'TIMESTAMP', 'precision': None, 'scale': None, 'maxLimit': 32, 'maxDecimal': 10, 'configs': ['CompConfigInfo', 'CompConfigFieldType', 'CompConfigFieldName', 'CompConfigLogicName', 'CompConfigDecimalSetting', 'CompConfigFieldDescr', 'CompConfigPrimaryKey', 'CompConfigModelRelationship'], 'id': 'c04360b50b9448cf8b29bbe652472d5f', 'fieldCreated': False, 'name': 'elt_timestamp', 'type': 'TIMESTAMP', 'comment': 'ELT时间戳', 'sequenceNumber': 30, 'isPrimaryKey': False, 'isNotNull': False, 'isSys': None, 'isPartitionField': None, 'fieldName': 'ELT时间戳', 'logicName': 'elt_timestamp', 'entityId': None, 'modelRelationship': 'METRIC', 'isIndependent': None, 'initialization': None, 'isAssociated': None, 'measureUnitId': None, 'fieldStandardId': '', 'fieldStandardName': '', 'lengthLimit': None, 'active': False, '$__seq_ID': '__seq_ID_01c00e13-95a7-4f57-9008-073d1e1a0382'}]}
2025-03-13 09:51:12,833 - urllib3.connectionpool - DEBUG - Starting new HTTP connection (1): 10.1.8.17:30104
2025-03-13 09:51:12,944 - urllib3.connectionpool - DEBUG - http://10.1.8.17:30104 "POST /dehoop-admin/modeling/saveEntityField??timestamp=1741830672 HTTP/1.1" 200 None
2025-03-13 09:51:12,996 - log - INFO - 返回状态码:  200
2025-03-13 09:51:12,996 - log - DEBUG - 返回结果: 
 {"code":"ok","bizCode":null,"message":"保存成功","interval":null,"data":null}
